{"/Users/yujihun/Documents/sideproject/lessonmoa/src/app.controller.ts": {"path":"/Users/yujihun/Documents/sideproject/lessonmoa/src/app.controller.ts","statementMap":{"0":{"start":{"line":1,"column":0},"end":{"line":1,"column":49}},"1":{"start":{"line":2,"column":0},"end":{"line":2,"column":43}},"2":{"start":{"line":5,"column":0},"end":{"line":12,"column":null}},"3":{"start":{"line":6,"column":31},"end":{"line":6,"column":43}},"4":{"start":{"line":10,"column":4},"end":{"line":10,"column":38}},"5":{"start":{"line":9,"column":2},"end":{"line":11,"column":null}},"6":{"start":{"line":5,"column":13},"end":{"line":12,"column":null}},"7":{"start":{"line":5,"column":13},"end":{"line":5,"column":26}}},"fnMap":{"0":{"name":"(anonymous_2)","decl":{"start":{"line":6,"column":2},"end":{"line":6,"column":31}},"loc":{"start":{"line":6,"column":53},"end":{"line":6,"column":57}}},"1":{"name":"(anonymous_3)","decl":{"start":{"line":9,"column":2},"end":{"line":9,"column":10}},"loc":{"start":{"line":9,"column":10},"end":{"line":11,"column":3}}}},"branchMap":{},"s":{"0":0,"1":0,"2":0,"3":0,"4":0,"5":0,"6":0,"7":0},"f":{"0":0,"1":0},"b":{}}
,"/Users/yujihun/Documents/sideproject/lessonmoa/src/app.module.ts": {"path":"/Users/yujihun/Documents/sideproject/lessonmoa/src/app.module.ts","statementMap":{"0":{"start":{"line":1,"column":0},"end":{"line":1,"column":40}},"1":{"start":{"line":2,"column":0},"end":{"line":2,"column":49}},"2":{"start":{"line":3,"column":0},"end":{"line":3,"column":43}},"3":{"start":{"line":4,"column":0},"end":{"line":4,"column":48}},"4":{"start":{"line":5,"column":0},"end":{"line":5,"column":48}},"5":{"start":{"line":6,"column":0},"end":{"line":6,"column":46}},"6":{"start":{"line":7,"column":0},"end":{"line":7,"column":57}},"7":{"start":{"line":8,"column":0},"end":{"line":8,"column":60}},"8":{"start":{"line":9,"column":0},"end":{"line":9,"column":71}},"9":{"start":{"line":10,"column":0},"end":{"line":10,"column":54}},"10":{"start":{"line":11,"column":0},"end":{"line":11,"column":50}},"11":{"start":{"line":12,"column":0},"end":{"line":12,"column":60}},"12":{"start":{"line":13,"column":0},"end":{"line":13,"column":51}},"13":{"start":{"line":53,"column":0},"end":{"line":53,"column":null}},"14":{"start":{"line":53,"column":13},"end":{"line":53,"column":null}},"15":{"start":{"line":53,"column":13},"end":{"line":53,"column":22}}},"fnMap":{},"branchMap":{},"s":{"0":0,"1":0,"2":0,"3":0,"4":0,"5":0,"6":0,"7":0,"8":0,"9":0,"10":0,"11":0,"12":0,"13":0,"14":0,"15":0},"f":{},"b":{}}
,"/Users/yujihun/Documents/sideproject/lessonmoa/src/app.service.ts": {"path":"/Users/yujihun/Documents/sideproject/lessonmoa/src/app.service.ts","statementMap":{"0":{"start":{"line":1,"column":0},"end":{"line":1,"column":44}},"1":{"start":{"line":4,"column":0},"end":{"line":8,"column":null}},"2":{"start":{"line":6,"column":4},"end":{"line":6,"column":26}},"3":{"start":{"line":4,"column":13},"end":{"line":8,"column":null}},"4":{"start":{"line":4,"column":13},"end":{"line":4,"column":23}}},"fnMap":{"0":{"name":"(anonymous_1)","decl":{"start":{"line":5,"column":2},"end":{"line":5,"column":10}},"loc":{"start":{"line":5,"column":10},"end":{"line":7,"column":3}}}},"branchMap":{},"s":{"0":0,"1":0,"2":0,"3":0,"4":0},"f":{"0":0},"b":{}}
,"/Users/yujihun/Documents/sideproject/lessonmoa/src/main.ts": {"path":"/Users/yujihun/Documents/sideproject/lessonmoa/src/main.ts","statementMap":{"0":{"start":{"line":1,"column":0},"end":{"line":1,"column":43}},"1":{"start":{"line":2,"column":0},"end":{"line":2,"column":41}},"2":{"start":{"line":3,"column":0},"end":{"line":3,"column":null}},"3":{"start":{"line":8,"column":0},"end":{"line":8,"column":null}},"4":{"start":{"line":12,"column":0},"end":{"line":12,"column":72}},"5":{"start":{"line":15,"column":2},"end":{"line":15,"column":35}},"6":{"start":{"line":16,"column":2},"end":{"line":16,"column":45}},"7":{"start":{"line":17,"column":14},"end":{"line":17,"column":49}},"8":{"start":{"line":18,"column":2},"end":{"line":18,"column":52}},"9":{"start":{"line":20,"column":17},"end":{"line":34,"column":12}},"10":{"start":{"line":36,"column":53},"end":{"line":40,"column":4}},"11":{"start":{"line":42,"column":19},"end":{"line":42,"column":60}},"12":{"start":{"line":43,"column":2},"end":{"line":43,"column":66}},"13":{"start":{"line":45,"column":2},"end":{"line":45,"column":25}},"14":{"start":{"line":47,"column":0},"end":{"line":47,"column":12}}},"fnMap":{"0":{"name":"bootstrap","decl":{"start":{"line":14,"column":15},"end":{"line":14,"column":24}},"loc":{"start":{"line":14,"column":24},"end":{"line":46,"column":1}}}},"branchMap":{},"s":{"0":0,"1":0,"2":0,"3":0,"4":0,"5":0,"6":0,"7":0,"8":0,"9":0,"10":0,"11":0,"12":0,"13":0,"14":0},"f":{"0":0},"b":{}}
,"/Users/yujihun/Documents/sideproject/lessonmoa/src/auth/auth.controller.ts": {"path":"/Users/yujihun/Documents/sideproject/lessonmoa/src/auth/auth.controller.ts","statementMap":{"0":{"start":{"line":1,"column":0},"end":{"line":1,"column":null}},"1":{"start":{"line":11,"column":0},"end":{"line":11,"column":69}},"2":{"start":{"line":13,"column":0},"end":{"line":13,"column":45}},"3":{"start":{"line":14,"column":0},"end":{"line":14,"column":46}},"4":{"start":{"line":15,"column":0},"end":{"line":15,"column":48}},"5":{"start":{"line":16,"column":0},"end":{"line":16,"column":48}},"6":{"start":{"line":17,"column":0},"end":{"line":17,"column":46}},"7":{"start":{"line":18,"column":0},"end":{"line":18,"column":50}},"8":{"start":{"line":20,"column":32},"end":{"line":20,"column":50}},"9":{"start":{"line":21,"column":13},"end":{"line":21,"column":65}},"10":{"start":{"line":25,"column":0},"end":{"line":105,"column":null}},"11":{"start":{"line":26,"column":22},"end":{"line":26,"column":31}},"12":{"start":{"line":33,"column":4},"end":{"line":35,"column":7}},"13":{"start":{"line":37,"column":4},"end":{"line":37,"column":20}},"14":{"start":{"line":45,"column":4},"end":{"line":48,"column":7}},"15":{"start":{"line":50,"column":4},"end":{"line":50,"column":20}},"16":{"start":{"line":58,"column":4},"end":{"line":58,"column":42}},"17":{"start":{"line":68,"column":42},"end":{"line":68,"column":78}},"18":{"start":{"line":70,"column":26},"end":{"line":73,"column":null}},"19":{"start":{"line":75,"column":4},"end":{"line":79,"column":6}},"20":{"start":{"line":81,"column":4},"end":{"line":81,"column":44}},"21":{"start":{"line":89,"column":26},"end":{"line":89,"column":62}},"22":{"start":{"line":90,"column":4},"end":{"line":90,"column":67}},"23":{"start":{"line":91,"column":4},"end":{"line":91,"column":44}},"24":{"start":{"line":99,"column":4},"end":{"line":99,"column":41}},"25":{"start":{"line":101,"column":26},"end":{"line":101,"column":62}},"26":{"start":{"line":102,"column":4},"end":{"line":102,"column":67}},"27":{"start":{"line":103,"column":4},"end":{"line":103,"column":44}},"28":{"start":{"line":57,"column":2},"end":{"line":59,"column":null}},"29":{"start":{"line":64,"column":2},"end":{"line":82,"column":null}},"30":{"start":{"line":88,"column":2},"end":{"line":92,"column":null}},"31":{"start":{"line":98,"column":2},"end":{"line":104,"column":null}},"32":{"start":{"line":25,"column":13},"end":{"line":105,"column":null}},"33":{"start":{"line":25,"column":13},"end":{"line":25,"column":27}}},"fnMap":{"0":{"name":"(anonymous_4)","decl":{"start":{"line":26,"column":2},"end":{"line":26,"column":22}},"loc":{"start":{"line":26,"column":42},"end":{"line":26,"column":46}}},"1":{"name":"(anonymous_5)","decl":{"start":{"line":28,"column":10},"end":{"line":28,"column":24}},"loc":{"start":{"line":31,"column":21},"end":{"line":38,"column":3}}},"2":{"name":"(anonymous_6)","decl":{"start":{"line":40,"column":10},"end":{"line":40,"column":25}},"loc":{"start":{"line":43,"column":21},"end":{"line":51,"column":3}}},"3":{"name":"(anonymous_7)","decl":{"start":{"line":57,"column":2},"end":{"line":57,"column":8}},"loc":{"start":{"line":57,"column":53},"end":{"line":59,"column":3}}},"4":{"name":"(anonymous_8)","decl":{"start":{"line":64,"column":2},"end":{"line":64,"column":7}},"loc":{"start":{"line":66,"column":29},"end":{"line":82,"column":3}}},"5":{"name":"(anonymous_9)","decl":{"start":{"line":88,"column":2},"end":{"line":88,"column":7}},"loc":{"start":{"line":88,"column":57},"end":{"line":92,"column":3}}},"6":{"name":"(anonymous_10)","decl":{"start":{"line":98,"column":2},"end":{"line":98,"column":7}},"loc":{"start":{"line":98,"column":58},"end":{"line":104,"column":3}}}},"branchMap":{},"s":{"0":1,"1":1,"2":1,"3":1,"4":1,"5":1,"6":1,"7":1,"8":1,"9":1,"10":1,"11":1,"12":0,"13":0,"14":0,"15":0,"16":1,"17":0,"18":0,"19":0,"20":0,"21":0,"22":0,"23":0,"24":0,"25":0,"26":0,"27":0,"28":1,"29":1,"30":1,"31":1,"32":1,"33":1},"f":{"0":1,"1":0,"2":0,"3":1,"4":0,"5":0,"6":0},"b":{}}
,"/Users/yujihun/Documents/sideproject/lessonmoa/src/auth/auth.module.ts": {"path":"/Users/yujihun/Documents/sideproject/lessonmoa/src/auth/auth.module.ts","statementMap":{"0":{"start":{"line":1,"column":0},"end":{"line":1,"column":40}},"1":{"start":{"line":2,"column":0},"end":{"line":2,"column":51}},"2":{"start":{"line":3,"column":0},"end":{"line":3,"column":45}},"3":{"start":{"line":9,"column":0},"end":{"line":9,"column":null}},"4":{"start":{"line":9,"column":13},"end":{"line":9,"column":null}},"5":{"start":{"line":9,"column":13},"end":{"line":9,"column":23}}},"fnMap":{},"branchMap":{},"s":{"0":0,"1":0,"2":0,"3":0,"4":0,"5":0},"f":{},"b":{}}
,"/Users/yujihun/Documents/sideproject/lessonmoa/src/auth/auth.service.ts": {"path":"/Users/yujihun/Documents/sideproject/lessonmoa/src/auth/auth.service.ts","statementMap":{"0":{"start":{"line":1,"column":0},"end":{"line":1,"column":71}},"1":{"start":{"line":2,"column":0},"end":{"line":2,"column":66}},"2":{"start":{"line":3,"column":0},"end":{"line":3,"column":37}},"3":{"start":{"line":4,"column":0},"end":{"line":4,"column":46}},"4":{"start":{"line":5,"column":0},"end":{"line":5,"column":65}},"5":{"start":{"line":7,"column":0},"end":{"line":7,"column":54}},"6":{"start":{"line":8,"column":0},"end":{"line":8,"column":67}},"7":{"start":{"line":9,"column":0},"end":{"line":9,"column":36}},"8":{"start":{"line":10,"column":0},"end":{"line":10,"column":48}},"9":{"start":{"line":11,"column":0},"end":{"line":11,"column":74}},"10":{"start":{"line":14,"column":0},"end":{"line":115,"column":null}},"11":{"start":{"line":17,"column":31},"end":{"line":17,"column":43}},"12":{"start":{"line":20,"column":4},"end":{"line":24,"column":6}},"13":{"start":{"line":28,"column":4},"end":{"line":32,"column":6}},"14":{"start":{"line":37,"column":4},"end":{"line":71,"column":null}},"15":{"start":{"line":38,"column":6},"end":{"line":38,"column":80}},"16":{"start":{"line":39,"column":6},"end":{"line":40,"column":64}},"17":{"start":{"line":42,"column":29},"end":{"line":42,"column":38}},"18":{"start":{"line":43,"column":23},"end":{"line":43,"column":76}},"19":{"start":{"line":45,"column":6},"end":{"line":45,"column":60}},"20":{"start":{"line":47,"column":6},"end":{"line":47,"column":31}},"21":{"start":{"line":49,"column":6},"end":{"line":68,"column":null}},"22":{"start":{"line":51,"column":10},"end":{"line":67,"column":null}},"23":{"start":{"line":52,"column":12},"end":{"line":58,"column":14}},"24":{"start":{"line":59,"column":17},"end":{"line":67,"column":null}},"25":{"start":{"line":60,"column":12},"end":{"line":66,"column":14}},"26":{"start":{"line":70,"column":6},"end":{"line":70,"column":22}},"27":{"start":{"line":75,"column":4},"end":{"line":75,"column":78}},"28":{"start":{"line":76,"column":32},"end":{"line":76,"column":41}},"29":{"start":{"line":78,"column":17},"end":{"line":80,"column":6}},"30":{"start":{"line":82,"column":4},"end":{"line":90,"column":null}},"31":{"start":{"line":83,"column":6},"end":{"line":89,"column":8}},"32":{"start":{"line":92,"column":24},"end":{"line":92,"column":62}},"33":{"start":{"line":94,"column":4},"end":{"line":101,"column":8}},"34":{"start":{"line":95,"column":6},"end":{"line":101,"column":8}},"35":{"start":{"line":103,"column":24},"end":{"line":103,"column":49}},"36":{"start":{"line":104,"column":25},"end":{"line":104,"column":51}},"37":{"start":{"line":106,"column":4},"end":{"line":106,"column":41}},"38":{"start":{"line":111,"column":4},"end":{"line":111,"column":78}},"39":{"start":{"line":112,"column":19},"end":{"line":112,"column":26}},"40":{"start":{"line":113,"column":4},"end":{"line":113,"column":46}},"41":{"start":{"line":36,"column":2},"end":{"line":72,"column":null}},"42":{"start":{"line":110,"column":2},"end":{"line":114,"column":null}},"43":{"start":{"line":14,"column":13},"end":{"line":115,"column":null}},"44":{"start":{"line":14,"column":13},"end":{"line":14,"column":24}}},"fnMap":{"0":{"name":"(anonymous_2)","decl":{"start":{"line":17,"column":2},"end":{"line":17,"column":31}},"loc":{"start":{"line":17,"column":53},"end":{"line":17,"column":57}}},"1":{"name":"(anonymous_3)","decl":{"start":{"line":19,"column":10},"end":{"line":19,"column":24}},"loc":{"start":{"line":19,"column":35},"end":{"line":25,"column":3}}},"2":{"name":"(anonymous_4)","decl":{"start":{"line":27,"column":10},"end":{"line":27,"column":25}},"loc":{"start":{"line":27,"column":36},"end":{"line":33,"column":3}}},"3":{"name":"(anonymous_5)","decl":{"start":{"line":36,"column":2},"end":{"line":36,"column":7}},"loc":{"start":{"line":36,"column":35},"end":{"line":72,"column":3}}},"4":{"name":"(anonymous_6)","decl":{"start":{"line":74,"column":2},"end":{"line":74,"column":7}},"loc":{"start":{"line":74,"column":35},"end":{"line":107,"column":3}}},"5":{"name":"(anonymous_7)","decl":{"start":{"line":110,"column":2},"end":{"line":110,"column":7}},"loc":{"start":{"line":110,"column":26},"end":{"line":114,"column":3}}}},"branchMap":{"0":{"loc":{"start":{"line":49,"column":6},"end":{"line":68,"column":null}},"type":"switch","locations":[{"start":{"line":50,"column":8},"end":{"line":67,"column":null}}]},"1":{"loc":{"start":{"line":51,"column":10},"end":{"line":67,"column":null}},"type":"if","locations":[{"start":{"line":51,"column":10},"end":{"line":67,"column":null}},{"start":{"line":59,"column":17},"end":{"line":67,"column":null}}]},"2":{"loc":{"start":{"line":59,"column":17},"end":{"line":67,"column":null}},"type":"if","locations":[{"start":{"line":59,"column":17},"end":{"line":67,"column":null}}]},"3":{"loc":{"start":{"line":82,"column":4},"end":{"line":90,"column":null}},"type":"if","locations":[{"start":{"line":82,"column":4},"end":{"line":90,"column":null}}]},"4":{"loc":{"start":{"line":94,"column":4},"end":{"line":101,"column":8}},"type":"if","locations":[{"start":{"line":94,"column":4},"end":{"line":101,"column":8}}]}},"s":{"0":2,"1":2,"2":2,"3":2,"4":2,"5":2,"6":2,"7":2,"8":2,"9":2,"10":2,"11":2,"12":0,"13":0,"14":0,"15":0,"16":0,"17":0,"18":0,"19":0,"20":0,"21":0,"22":0,"23":0,"24":0,"25":0,"26":0,"27":0,"28":0,"29":0,"30":0,"31":0,"32":0,"33":0,"34":0,"35":0,"36":0,"37":0,"38":0,"39":0,"40":0,"41":2,"42":2,"43":2,"44":2},"f":{"0":2,"1":0,"2":0,"3":0,"4":0,"5":0},"b":{"0":[0],"1":[0,0],"2":[0],"3":[0],"4":[0]}}
,"/Users/yujihun/Documents/sideproject/lessonmoa/src/auth/dtos/signin.dto.ts": {"path":"/Users/yujihun/Documents/sideproject/lessonmoa/src/auth/dtos/signin.dto.ts","statementMap":{"0":{"start":{"line":1,"column":0},"end":{"line":1,"column":43}},"1":{"start":{"line":2,"column":0},"end":{"line":2,"column":48}},"2":{"start":{"line":4,"column":0},"end":{"line":4,"column":13}}},"fnMap":{},"branchMap":{},"s":{"0":1,"1":1,"2":1},"f":{},"b":{}}
,"/Users/yujihun/Documents/sideproject/lessonmoa/src/auth/dtos/signin.pipe.ts": {"path":"/Users/yujihun/Documents/sideproject/lessonmoa/src/auth/dtos/signin.pipe.ts","statementMap":{"0":{"start":{"line":1,"column":0},"end":{"line":1,"column":null}},"1":{"start":{"line":9,"column":0},"end":{"line":9,"column":46}},"2":{"start":{"line":10,"column":0},"end":{"line":10,"column":50}},"3":{"start":{"line":11,"column":0},"end":{"line":11,"column":27}},"4":{"start":{"line":12,"column":0},"end":{"line":12,"column":54}},"5":{"start":{"line":15,"column":0},"end":{"line":36,"column":null}},"6":{"start":{"line":17,"column":29},"end":{"line":20,"column":6}},"7":{"start":{"line":22,"column":45},"end":{"line":22,"column":77}},"8":{"start":{"line":24,"column":4},"end":{"line":32,"column":null}},"9":{"start":{"line":25,"column":6},"end":{"line":31,"column":8}},"10":{"start":{"line":34,"column":4},"end":{"line":34,"column":26}},"11":{"start":{"line":15,"column":13},"end":{"line":36,"column":null}},"12":{"start":{"line":15,"column":13},"end":{"line":15,"column":23}}},"fnMap":{"0":{"name":"(anonymous_1)","decl":{"start":{"line":16,"column":2},"end":{"line":16,"column":11}},"loc":{"start":{"line":16,"column":28},"end":{"line":35,"column":3}}}},"branchMap":{"0":{"loc":{"start":{"line":24,"column":4},"end":{"line":32,"column":null}},"type":"if","locations":[{"start":{"line":24,"column":4},"end":{"line":32,"column":null}}]}},"s":{"0":1,"1":1,"2":1,"3":1,"4":1,"5":1,"6":0,"7":0,"8":0,"9":0,"10":0,"11":1,"12":1},"f":{"0":0},"b":{"0":[0]}}
,"/Users/yujihun/Documents/sideproject/lessonmoa/src/auth/dtos/signup.dto.ts": {"path":"/Users/yujihun/Documents/sideproject/lessonmoa/src/auth/dtos/signup.dto.ts","statementMap":{"0":{"start":{"line":1,"column":0},"end":{"line":1,"column":46}},"1":{"start":{"line":2,"column":0},"end":{"line":2,"column":52}},"2":{"start":{"line":6,"column":2},"end":{"line":6,"column":null}},"3":{"start":{"line":4,"column":0},"end":{"line":4,"column":13}}},"fnMap":{},"branchMap":{},"s":{"0":2,"1":2,"2":2,"3":2},"f":{},"b":{}}
,"/Users/yujihun/Documents/sideproject/lessonmoa/src/auth/dtos/signup.pipe.ts": {"path":"/Users/yujihun/Documents/sideproject/lessonmoa/src/auth/dtos/signup.pipe.ts","statementMap":{"0":{"start":{"line":1,"column":0},"end":{"line":1,"column":null}},"1":{"start":{"line":9,"column":0},"end":{"line":9,"column":27}},"2":{"start":{"line":10,"column":0},"end":{"line":10,"column":46}},"3":{"start":{"line":11,"column":0},"end":{"line":11,"column":50}},"4":{"start":{"line":12,"column":0},"end":{"line":12,"column":54}},"5":{"start":{"line":15,"column":0},"end":{"line":38,"column":null}},"6":{"start":{"line":17,"column":29},"end":{"line":22,"column":6}},"7":{"start":{"line":24,"column":45},"end":{"line":24,"column":77}},"8":{"start":{"line":26,"column":4},"end":{"line":34,"column":null}},"9":{"start":{"line":27,"column":6},"end":{"line":33,"column":8}},"10":{"start":{"line":36,"column":4},"end":{"line":36,"column":26}},"11":{"start":{"line":15,"column":13},"end":{"line":38,"column":null}},"12":{"start":{"line":15,"column":13},"end":{"line":15,"column":23}}},"fnMap":{"0":{"name":"(anonymous_1)","decl":{"start":{"line":16,"column":2},"end":{"line":16,"column":11}},"loc":{"start":{"line":16,"column":28},"end":{"line":37,"column":3}}}},"branchMap":{"0":{"loc":{"start":{"line":26,"column":4},"end":{"line":34,"column":null}},"type":"if","locations":[{"start":{"line":26,"column":4},"end":{"line":34,"column":null}}]}},"s":{"0":1,"1":1,"2":1,"3":1,"4":1,"5":1,"6":0,"7":0,"8":0,"9":0,"10":0,"11":1,"12":1},"f":{"0":0},"b":{"0":[0]}}
,"/Users/yujihun/Documents/sideproject/lessonmoa/src/category/category.controller.ts": {"path":"/Users/yujihun/Documents/sideproject/lessonmoa/src/category/category.controller.ts","statementMap":{"0":{"start":{"line":1,"column":0},"end":{"line":1,"column":null}},"1":{"start":{"line":10,"column":0},"end":{"line":10,"column":56}},"2":{"start":{"line":11,"column":0},"end":{"line":11,"column":53}},"3":{"start":{"line":15,"column":0},"end":{"line":31,"column":null}},"4":{"start":{"line":16,"column":31},"end":{"line":16,"column":40}},"5":{"start":{"line":22,"column":4},"end":{"line":22,"column":40}},"6":{"start":{"line":29,"column":4},"end":{"line":29,"column":48}},"7":{"start":{"line":21,"column":2},"end":{"line":23,"column":null}},"8":{"start":{"line":28,"column":2},"end":{"line":30,"column":null}},"9":{"start":{"line":15,"column":13},"end":{"line":31,"column":null}},"10":{"start":{"line":15,"column":13},"end":{"line":15,"column":31}}},"fnMap":{"0":{"name":"(anonymous_4)","decl":{"start":{"line":16,"column":2},"end":{"line":16,"column":31}},"loc":{"start":{"line":16,"column":55},"end":{"line":16,"column":59}}},"1":{"name":"(anonymous_5)","decl":{"start":{"line":21,"column":2},"end":{"line":21,"column":15}},"loc":{"start":{"line":21,"column":15},"end":{"line":23,"column":3}}},"2":{"name":"(anonymous_6)","decl":{"start":{"line":28,"column":2},"end":{"line":28,"column":13}},"loc":{"start":{"line":28,"column":53},"end":{"line":30,"column":3}}}},"branchMap":{},"s":{"0":0,"1":0,"2":0,"3":0,"4":0,"5":0,"6":0,"7":0,"8":0,"9":0,"10":0},"f":{"0":0,"1":0,"2":0},"b":{}}
,"/Users/yujihun/Documents/sideproject/lessonmoa/src/category/category.module.ts": {"path":"/Users/yujihun/Documents/sideproject/lessonmoa/src/category/category.module.ts","statementMap":{"0":{"start":{"line":1,"column":0},"end":{"line":1,"column":40}},"1":{"start":{"line":2,"column":0},"end":{"line":2,"column":59}},"2":{"start":{"line":3,"column":0},"end":{"line":3,"column":53}},"3":{"start":{"line":9,"column":0},"end":{"line":9,"column":null}},"4":{"start":{"line":9,"column":13},"end":{"line":9,"column":null}},"5":{"start":{"line":9,"column":13},"end":{"line":9,"column":27}}},"fnMap":{},"branchMap":{},"s":{"0":0,"1":0,"2":0,"3":0,"4":0,"5":0},"f":{},"b":{}}
,"/Users/yujihun/Documents/sideproject/lessonmoa/src/category/category.service.ts": {"path":"/Users/yujihun/Documents/sideproject/lessonmoa/src/category/category.service.ts","statementMap":{"0":{"start":{"line":1,"column":0},"end":{"line":1,"column":71}},"1":{"start":{"line":2,"column":0},"end":{"line":2,"column":74}},"2":{"start":{"line":3,"column":0},"end":{"line":3,"column":37}},"3":{"start":{"line":5,"column":0},"end":{"line":5,"column":54}},"4":{"start":{"line":8,"column":0},"end":{"line":38,"column":null}},"5":{"start":{"line":10,"column":31},"end":{"line":10,"column":43}},"6":{"start":{"line":13,"column":4},"end":{"line":14,"column":62}},"7":{"start":{"line":16,"column":23},"end":{"line":16,"column":68}},"8":{"start":{"line":18,"column":4},"end":{"line":18,"column":22}},"9":{"start":{"line":22,"column":4},"end":{"line":23,"column":62}},"10":{"start":{"line":25,"column":21},"end":{"line":25,"column":74}},"11":{"start":{"line":27,"column":4},"end":{"line":35,"column":null}},"12":{"start":{"line":28,"column":6},"end":{"line":34,"column":8}},"13":{"start":{"line":36,"column":4},"end":{"line":36,"column":20}},"14":{"start":{"line":8,"column":13},"end":{"line":38,"column":null}},"15":{"start":{"line":8,"column":13},"end":{"line":8,"column":28}}},"fnMap":{"0":{"name":"(anonymous_2)","decl":{"start":{"line":10,"column":2},"end":{"line":10,"column":31}},"loc":{"start":{"line":10,"column":53},"end":{"line":10,"column":57}}},"1":{"name":"(anonymous_3)","decl":{"start":{"line":12,"column":2},"end":{"line":12,"column":7}},"loc":{"start":{"line":12,"column":21},"end":{"line":19,"column":3}}},"2":{"name":"(anonymous_4)","decl":{"start":{"line":21,"column":2},"end":{"line":21,"column":7}},"loc":{"start":{"line":21,"column":38},"end":{"line":37,"column":3}}}},"branchMap":{"0":{"loc":{"start":{"line":27,"column":4},"end":{"line":35,"column":null}},"type":"if","locations":[{"start":{"line":27,"column":4},"end":{"line":35,"column":null}}]}},"s":{"0":0,"1":0,"2":0,"3":0,"4":0,"5":0,"6":0,"7":0,"8":0,"9":0,"10":0,"11":0,"12":0,"13":0,"14":0,"15":0},"f":{"0":0,"1":0,"2":0},"b":{"0":[0]}}
,"/Users/yujihun/Documents/sideproject/lessonmoa/src/constants/http-error.ts": {"path":"/Users/yujihun/Documents/sideproject/lessonmoa/src/constants/http-error.ts","statementMap":{"0":{"start":{"line":1,"column":13},"end":{"line":27,"column":2}}},"fnMap":{},"branchMap":{},"s":{"0":2},"f":{},"b":{}}
,"/Users/yujihun/Documents/sideproject/lessonmoa/src/constants/postgres-error.ts": {"path":"/Users/yujihun/Documents/sideproject/lessonmoa/src/constants/postgres-error.ts","statementMap":{"0":{"start":{"line":1,"column":13},"end":{"line":5,"column":2}}},"fnMap":{},"branchMap":{},"s":{"0":2},"f":{},"b":{}}
,"/Users/yujihun/Documents/sideproject/lessonmoa/src/constants/regex.ts": {"path":"/Users/yujihun/Documents/sideproject/lessonmoa/src/constants/regex.ts","statementMap":{"0":{"start":{"line":1,"column":13},"end":{"line":1,"column":78}},"1":{"start":{"line":2,"column":13},"end":{"line":2,"column":52}},"2":{"start":{"line":3,"column":13},"end":{"line":3,"column":58}},"3":{"start":{"line":4,"column":13},"end":{"line":5,"column":79}},"4":{"start":{"line":6,"column":13},"end":{"line":7,"column":30}},"5":{"start":{"line":8,"column":13},"end":{"line":8,"column":36}},"6":{"start":{"line":9,"column":13},"end":{"line":9,"column":75}},"7":{"start":{"line":11,"column":13},"end":{"line":12,"column":46}},"8":{"start":{"line":14,"column":13},"end":{"line":15,"column":44}},"9":{"start":{"line":16,"column":13},"end":{"line":16,"column":54}},"10":{"start":{"line":17,"column":13},"end":{"line":17,"column":76}},"11":{"start":{"line":18,"column":13},"end":{"line":18,"column":43}},"12":{"start":{"line":19,"column":13},"end":{"line":19,"column":62}}},"fnMap":{},"branchMap":{},"s":{"0":1,"1":1,"2":1,"3":1,"4":1,"5":1,"6":1,"7":1,"8":1,"9":1,"10":1,"11":1,"12":1},"f":{},"b":{}}
,"/Users/yujihun/Documents/sideproject/lessonmoa/src/constants/schema.ts": {"path":"/Users/yujihun/Documents/sideproject/lessonmoa/src/constants/schema.ts","statementMap":{"0":{"start":{"line":1,"column":0},"end":{"line":1,"column":27}},"1":{"start":{"line":2,"column":0},"end":{"line":2,"column":null}},"2":{"start":{"line":8,"column":0},"end":{"line":8,"column":65}},"3":{"start":{"line":10,"column":13},"end":{"line":193,"column":2}},"4":{"start":{"line":11,"column":33},"end":{"line":11,"column":69}},"5":{"start":{"line":14,"column":4},"end":{"line":20,"column":19}},"6":{"start":{"line":22,"column":4},"end":{"line":28,"column":17}},"7":{"start":{"line":29,"column":39},"end":{"line":29,"column":76}},"8":{"start":{"line":30,"column":39},"end":{"line":30,"column":76}},"9":{"start":{"line":33,"column":4},"end":{"line":33,"column":76}},"10":{"start":{"line":35,"column":4},"end":{"line":40,"column":19}},"11":{"start":{"line":42,"column":4},"end":{"line":42,"column":63}},"12":{"start":{"line":45,"column":4},"end":{"line":45,"column":73}},"13":{"start":{"line":47,"column":4},"end":{"line":47,"column":68}},"14":{"start":{"line":49,"column":4},"end":{"line":49,"column":73}},"15":{"start":{"line":51,"column":4},"end":{"line":51,"column":68}},"16":{"start":{"line":54,"column":4},"end":{"line":54,"column":69}},"17":{"start":{"line":56,"column":4},"end":{"line":56,"column":61}},"18":{"start":{"line":59,"column":4},"end":{"line":70,"column":19}},"19":{"start":{"line":73,"column":4},"end":{"line":76,"column":19}},"20":{"start":{"line":79,"column":4},"end":{"line":83,"column":17}},"21":{"start":{"line":86,"column":4},"end":{"line":91,"column":52}},"22":{"start":{"line":94,"column":4},"end":{"line":98,"column":19}},"23":{"start":{"line":100,"column":38},"end":{"line":100,"column":74}},"24":{"start":{"line":103,"column":4},"end":{"line":103,"column":53}},"25":{"start":{"line":106,"column":4},"end":{"line":106,"column":40}},"26":{"start":{"line":108,"column":4},"end":{"line":108,"column":50}},"27":{"start":{"line":111,"column":4},"end":{"line":114,"column":19}},"28":{"start":{"line":117,"column":4},"end":{"line":117,"column":41}},"29":{"start":{"line":119,"column":4},"end":{"line":119,"column":41}},"30":{"start":{"line":122,"column":4},"end":{"line":126,"column":17}},"31":{"start":{"line":129,"column":4},"end":{"line":134,"column":52}},"32":{"start":{"line":137,"column":4},"end":{"line":141,"column":19}},"33":{"start":{"line":144,"column":4},"end":{"line":148,"column":19}},"34":{"start":{"line":151,"column":4},"end":{"line":156,"column":17}},"35":{"start":{"line":159,"column":4},"end":{"line":164,"column":19}},"36":{"start":{"line":167,"column":4},"end":{"line":167,"column":61}},"37":{"start":{"line":169,"column":4},"end":{"line":169,"column":61}},"38":{"start":{"line":171,"column":4},"end":{"line":171,"column":68}},"39":{"start":{"line":174,"column":4},"end":{"line":186,"column":19}},"40":{"start":{"line":188,"column":14},"end":{"line":188,"column":52}},"41":{"start":{"line":190,"column":4},"end":{"line":192,"column":20}}},"fnMap":{"0":{"name":"(anonymous_0)","decl":{"start":{"line":11,"column":14},"end":{"line":11,"column":15}},"loc":{"start":{"line":11,"column":33},"end":{"line":11,"column":69}}},"1":{"name":"(anonymous_1)","decl":{"start":{"line":13,"column":19},"end":{"line":13,"column":20}},"loc":{"start":{"line":14,"column":4},"end":{"line":20,"column":19}}},"2":{"name":"(anonymous_2)","decl":{"start":{"line":21,"column":23},"end":{"line":21,"column":24}},"loc":{"start":{"line":22,"column":4},"end":{"line":28,"column":17}}},"3":{"name":"(anonymous_3)","decl":{"start":{"line":29,"column":20},"end":{"line":29,"column":21}},"loc":{"start":{"line":29,"column":39},"end":{"line":29,"column":76}}},"4":{"name":"(anonymous_4)","decl":{"start":{"line":30,"column":20},"end":{"line":30,"column":21}},"loc":{"start":{"line":30,"column":39},"end":{"line":30,"column":76}}},"5":{"name":"(anonymous_5)","decl":{"start":{"line":32,"column":19},"end":{"line":32,"column":20}},"loc":{"start":{"line":33,"column":4},"end":{"line":33,"column":76}}},"6":{"name":"(anonymous_6)","decl":{"start":{"line":34,"column":32},"end":{"line":34,"column":33}},"loc":{"start":{"line":35,"column":4},"end":{"line":40,"column":19}}},"7":{"name":"(anonymous_7)","decl":{"start":{"line":41,"column":30},"end":{"line":41,"column":31}},"loc":{"start":{"line":42,"column":4},"end":{"line":42,"column":63}}},"8":{"name":"(anonymous_8)","decl":{"start":{"line":44,"column":25},"end":{"line":44,"column":26}},"loc":{"start":{"line":45,"column":4},"end":{"line":45,"column":73}}},"9":{"name":"(anonymous_9)","decl":{"start":{"line":46,"column":25},"end":{"line":46,"column":26}},"loc":{"start":{"line":47,"column":4},"end":{"line":47,"column":68}}},"10":{"name":"(anonymous_10)","decl":{"start":{"line":48,"column":25},"end":{"line":48,"column":26}},"loc":{"start":{"line":49,"column":4},"end":{"line":49,"column":73}}},"11":{"name":"(anonymous_11)","decl":{"start":{"line":50,"column":25},"end":{"line":50,"column":26}},"loc":{"start":{"line":51,"column":4},"end":{"line":51,"column":68}}},"12":{"name":"(anonymous_12)","decl":{"start":{"line":53,"column":28},"end":{"line":53,"column":29}},"loc":{"start":{"line":54,"column":4},"end":{"line":54,"column":69}}},"13":{"name":"(anonymous_13)","decl":{"start":{"line":55,"column":28},"end":{"line":55,"column":29}},"loc":{"start":{"line":56,"column":4},"end":{"line":56,"column":61}}},"14":{"name":"(anonymous_14)","decl":{"start":{"line":58,"column":35},"end":{"line":58,"column":36}},"loc":{"start":{"line":59,"column":4},"end":{"line":70,"column":19}}},"15":{"name":"(anonymous_15)","decl":{"start":{"line":72,"column":19},"end":{"line":72,"column":20}},"loc":{"start":{"line":73,"column":4},"end":{"line":76,"column":19}}},"16":{"name":"(anonymous_16)","decl":{"start":{"line":78,"column":23},"end":{"line":78,"column":24}},"loc":{"start":{"line":79,"column":4},"end":{"line":83,"column":17}}},"17":{"name":"(anonymous_17)","decl":{"start":{"line":85,"column":23},"end":{"line":85,"column":24}},"loc":{"start":{"line":86,"column":4},"end":{"line":91,"column":52}}},"18":{"name":"(anonymous_18)","decl":{"start":{"line":93,"column":24},"end":{"line":93,"column":25}},"loc":{"start":{"line":94,"column":4},"end":{"line":98,"column":19}}},"19":{"name":"(anonymous_19)","decl":{"start":{"line":100,"column":19},"end":{"line":100,"column":20}},"loc":{"start":{"line":100,"column":38},"end":{"line":100,"column":74}}},"20":{"name":"(anonymous_20)","decl":{"start":{"line":102,"column":30},"end":{"line":102,"column":31}},"loc":{"start":{"line":103,"column":4},"end":{"line":103,"column":53}}},"21":{"name":"(anonymous_21)","decl":{"start":{"line":105,"column":25},"end":{"line":105,"column":26}},"loc":{"start":{"line":106,"column":4},"end":{"line":106,"column":40}}},"22":{"name":"(anonymous_22)","decl":{"start":{"line":107,"column":26},"end":{"line":107,"column":27}},"loc":{"start":{"line":108,"column":4},"end":{"line":108,"column":50}}},"23":{"name":"(anonymous_23)","decl":{"start":{"line":110,"column":25},"end":{"line":110,"column":26}},"loc":{"start":{"line":111,"column":4},"end":{"line":114,"column":19}}},"24":{"name":"(anonymous_24)","decl":{"start":{"line":116,"column":26},"end":{"line":116,"column":27}},"loc":{"start":{"line":117,"column":4},"end":{"line":117,"column":41}}},"25":{"name":"(anonymous_25)","decl":{"start":{"line":118,"column":27},"end":{"line":118,"column":28}},"loc":{"start":{"line":119,"column":4},"end":{"line":119,"column":41}}},"26":{"name":"(anonymous_26)","decl":{"start":{"line":121,"column":29},"end":{"line":121,"column":30}},"loc":{"start":{"line":122,"column":4},"end":{"line":126,"column":17}}},"27":{"name":"(anonymous_27)","decl":{"start":{"line":128,"column":29},"end":{"line":128,"column":30}},"loc":{"start":{"line":129,"column":4},"end":{"line":134,"column":52}}},"28":{"name":"(anonymous_28)","decl":{"start":{"line":136,"column":36},"end":{"line":136,"column":37}},"loc":{"start":{"line":137,"column":4},"end":{"line":141,"column":19}}},"29":{"name":"(anonymous_29)","decl":{"start":{"line":143,"column":26},"end":{"line":143,"column":27}},"loc":{"start":{"line":144,"column":4},"end":{"line":148,"column":19}}},"30":{"name":"(anonymous_30)","decl":{"start":{"line":150,"column":30},"end":{"line":150,"column":31}},"loc":{"start":{"line":151,"column":4},"end":{"line":156,"column":17}}},"31":{"name":"(anonymous_31)","decl":{"start":{"line":158,"column":37},"end":{"line":158,"column":38}},"loc":{"start":{"line":159,"column":4},"end":{"line":164,"column":19}}},"32":{"name":"(anonymous_32)","decl":{"start":{"line":166,"column":32},"end":{"line":166,"column":33}},"loc":{"start":{"line":167,"column":4},"end":{"line":167,"column":61}}},"33":{"name":"(anonymous_33)","decl":{"start":{"line":168,"column":32},"end":{"line":168,"column":33}},"loc":{"start":{"line":169,"column":4},"end":{"line":169,"column":61}}},"34":{"name":"(anonymous_34)","decl":{"start":{"line":170,"column":31},"end":{"line":170,"column":32}},"loc":{"start":{"line":171,"column":4},"end":{"line":171,"column":68}}},"35":{"name":"(anonymous_35)","decl":{"start":{"line":173,"column":42},"end":{"line":173,"column":43}},"loc":{"start":{"line":174,"column":4},"end":{"line":186,"column":19}}},"36":{"name":"(anonymous_36)","decl":{"start":{"line":188,"column":8},"end":{"line":188,"column":11}},"loc":{"start":{"line":188,"column":14},"end":{"line":188,"column":52}}},"37":{"name":"(anonymous_37)","decl":{"start":{"line":189,"column":13},"end":{"line":189,"column":14}},"loc":{"start":{"line":190,"column":4},"end":{"line":192,"column":20}}}},"branchMap":{"0":{"loc":{"start":{"line":191,"column":15},"end":{"line":191,"column":29}},"type":"binary-expr","locations":[{"start":{"line":191,"column":15},"end":{"line":191,"column":23}},{"start":{"line":191,"column":27},"end":{"line":191,"column":29}}]}},"s":{"0":1,"1":1,"2":1,"3":1,"4":0,"5":0,"6":0,"7":0,"8":0,"9":0,"10":0,"11":0,"12":0,"13":0,"14":0,"15":0,"16":0,"17":0,"18":0,"19":0,"20":0,"21":0,"22":0,"23":0,"24":0,"25":0,"26":0,"27":0,"28":0,"29":0,"30":0,"31":0,"32":0,"33":0,"34":0,"35":0,"36":0,"37":0,"38":0,"39":0,"40":0,"41":0},"f":{"0":0,"1":0,"2":0,"3":0,"4":0,"5":0,"6":0,"7":0,"8":0,"9":0,"10":0,"11":0,"12":0,"13":0,"14":0,"15":0,"16":0,"17":0,"18":0,"19":0,"20":0,"21":0,"22":0,"23":0,"24":0,"25":0,"26":0,"27":0,"28":0,"29":0,"30":0,"31":0,"32":0,"33":0,"34":0,"35":0,"36":0,"37":0},"b":{"0":[0,0]}}
,"/Users/yujihun/Documents/sideproject/lessonmoa/src/entities/category.entity.ts": {"path":"/Users/yujihun/Documents/sideproject/lessonmoa/src/entities/category.entity.ts","statementMap":{"0":{"start":{"line":1,"column":0},"end":{"line":1,"column":56}},"1":{"start":{"line":2,"column":0},"end":{"line":2,"column":null}},"2":{"start":{"line":10,"column":0},"end":{"line":10,"column":52}},"3":{"start":{"line":13,"column":0},"end":{"line":27,"column":null}},"4":{"start":{"line":16,"column":2},"end":{"line":16,"column":null}},"5":{"start":{"line":20,"column":2},"end":{"line":20,"column":null}},"6":{"start":{"line":23,"column":2},"end":{"line":23,"column":null}},"7":{"start":{"line":26,"column":2},"end":{"line":26,"column":null}},"8":{"start":{"line":25,"column":19},"end":{"line":25,"column":30}},"9":{"start":{"line":25,"column":49},"end":{"line":25,"column":69}},"10":{"start":{"line":13,"column":13},"end":{"line":27,"column":null}},"11":{"start":{"line":13,"column":13},"end":{"line":13,"column":21}},"12":{"start":{"line":29,"column":0},"end":{"line":29,"column":13}}},"fnMap":{"0":{"name":"(anonymous_2)","decl":{"start":{"line":25,"column":13},"end":{"line":25,"column":16}},"loc":{"start":{"line":25,"column":19},"end":{"line":25,"column":30}}},"1":{"name":"(anonymous_3)","decl":{"start":{"line":25,"column":32},"end":{"line":25,"column":33}},"loc":{"start":{"line":25,"column":49},"end":{"line":25,"column":69}}}},"branchMap":{},"s":{"0":2,"1":2,"2":2,"3":2,"4":2,"5":2,"6":2,"7":2,"8":0,"9":0,"10":2,"11":2,"12":2},"f":{"0":0,"1":0},"b":{}}
,"/Users/yujihun/Documents/sideproject/lessonmoa/src/entities/lesson.entity.ts": {"path":"/Users/yujihun/Documents/sideproject/lessonmoa/src/entities/lesson.entity.ts","statementMap":{"0":{"start":{"line":1,"column":0},"end":{"line":1,"column":56}},"1":{"start":{"line":2,"column":0},"end":{"line":2,"column":null}},"2":{"start":{"line":13,"column":0},"end":{"line":13,"column":37}},"3":{"start":{"line":14,"column":0},"end":{"line":14,"column":52}},"4":{"start":{"line":15,"column":0},"end":{"line":15,"column":50}},"5":{"start":{"line":16,"column":0},"end":{"line":16,"column":39}},"6":{"start":{"line":20,"column":0},"end":{"line":98,"column":null}},"7":{"start":{"line":23,"column":2},"end":{"line":23,"column":null}},"8":{"start":{"line":31,"column":2},"end":{"line":31,"column":null}},"9":{"start":{"line":39,"column":2},"end":{"line":39,"column":null}},"10":{"start":{"line":43,"column":2},"end":{"line":43,"column":null}},"11":{"start":{"line":47,"column":2},"end":{"line":47,"column":null}},"12":{"start":{"line":55,"column":2},"end":{"line":55,"column":null}},"13":{"start":{"line":59,"column":2},"end":{"line":59,"column":null}},"14":{"start":{"line":63,"column":2},"end":{"line":63,"column":null}},"15":{"start":{"line":71,"column":2},"end":{"line":71,"column":null}},"16":{"start":{"line":79,"column":2},"end":{"line":79,"column":null}},"17":{"start":{"line":82,"column":2},"end":{"line":82,"column":null}},"18":{"start":{"line":86,"column":2},"end":{"line":86,"column":null}},"19":{"start":{"line":84,"column":19},"end":{"line":84,"column":23}},"20":{"start":{"line":84,"column":35},"end":{"line":84,"column":47}},"21":{"start":{"line":90,"column":2},"end":{"line":90,"column":null}},"22":{"start":{"line":88,"column":19},"end":{"line":88,"column":30}},"23":{"start":{"line":88,"column":49},"end":{"line":88,"column":68}},"24":{"start":{"line":94,"column":2},"end":{"line":94,"column":null}},"25":{"start":{"line":92,"column":19},"end":{"line":92,"column":24}},"26":{"start":{"line":92,"column":37},"end":{"line":92,"column":50}},"27":{"start":{"line":97,"column":2},"end":{"line":97,"column":null}},"28":{"start":{"line":96,"column":19},"end":{"line":96,"column":29}},"29":{"start":{"line":96,"column":47},"end":{"line":96,"column":64}},"30":{"start":{"line":20,"column":13},"end":{"line":98,"column":null}},"31":{"start":{"line":20,"column":13},"end":{"line":20,"column":19}},"32":{"start":{"line":100,"column":0},"end":{"line":100,"column":13}}},"fnMap":{"0":{"name":"(anonymous_2)","decl":{"start":{"line":84,"column":13},"end":{"line":84,"column":16}},"loc":{"start":{"line":84,"column":19},"end":{"line":84,"column":23}}},"1":{"name":"(anonymous_3)","decl":{"start":{"line":84,"column":25},"end":{"line":84,"column":26}},"loc":{"start":{"line":84,"column":35},"end":{"line":84,"column":47}}},"2":{"name":"(anonymous_4)","decl":{"start":{"line":88,"column":13},"end":{"line":88,"column":16}},"loc":{"start":{"line":88,"column":19},"end":{"line":88,"column":30}}},"3":{"name":"(anonymous_5)","decl":{"start":{"line":88,"column":32},"end":{"line":88,"column":33}},"loc":{"start":{"line":88,"column":49},"end":{"line":88,"column":68}}},"4":{"name":"(anonymous_6)","decl":{"start":{"line":92,"column":13},"end":{"line":92,"column":16}},"loc":{"start":{"line":92,"column":19},"end":{"line":92,"column":24}}},"5":{"name":"(anonymous_7)","decl":{"start":{"line":92,"column":26},"end":{"line":92,"column":27}},"loc":{"start":{"line":92,"column":37},"end":{"line":92,"column":50}}},"6":{"name":"(anonymous_8)","decl":{"start":{"line":96,"column":13},"end":{"line":96,"column":16}},"loc":{"start":{"line":96,"column":19},"end":{"line":96,"column":29}}},"7":{"name":"(anonymous_9)","decl":{"start":{"line":96,"column":31},"end":{"line":96,"column":32}},"loc":{"start":{"line":96,"column":47},"end":{"line":96,"column":64}}}},"branchMap":{},"s":{"0":2,"1":2,"2":2,"3":2,"4":2,"5":2,"6":2,"7":2,"8":2,"9":2,"10":2,"11":2,"12":2,"13":2,"14":2,"15":2,"16":2,"17":2,"18":2,"19":0,"20":0,"21":2,"22":0,"23":0,"24":2,"25":0,"26":0,"27":2,"28":0,"29":0,"30":2,"31":2,"32":2},"f":{"0":0,"1":0,"2":0,"3":0,"4":0,"5":0,"6":0,"7":0},"b":{}}
,"/Users/yujihun/Documents/sideproject/lessonmoa/src/entities/license.entity.ts": {"path":"/Users/yujihun/Documents/sideproject/lessonmoa/src/entities/license.entity.ts","statementMap":{"0":{"start":{"line":1,"column":0},"end":{"line":1,"column":56}},"1":{"start":{"line":2,"column":0},"end":{"line":2,"column":null}},"2":{"start":{"line":13,"column":0},"end":{"line":13,"column":37}},"3":{"start":{"line":14,"column":0},"end":{"line":14,"column":45}},"4":{"start":{"line":18,"column":0},"end":{"line":49,"column":null}},"5":{"start":{"line":21,"column":2},"end":{"line":21,"column":null}},"6":{"start":{"line":29,"column":2},"end":{"line":29,"column":null}},"7":{"start":{"line":33,"column":2},"end":{"line":33,"column":null}},"8":{"start":{"line":37,"column":2},"end":{"line":37,"column":null}},"9":{"start":{"line":40,"column":2},"end":{"line":40,"column":null}},"10":{"start":{"line":44,"column":2},"end":{"line":44,"column":null}},"11":{"start":{"line":42,"column":19},"end":{"line":42,"column":23}},"12":{"start":{"line":42,"column":35},"end":{"line":42,"column":48}},"13":{"start":{"line":48,"column":2},"end":{"line":48,"column":null}},"14":{"start":{"line":46,"column":18},"end":{"line":46,"column":26}},"15":{"start":{"line":18,"column":13},"end":{"line":49,"column":null}},"16":{"start":{"line":18,"column":13},"end":{"line":18,"column":20}},"17":{"start":{"line":51,"column":0},"end":{"line":51,"column":13}}},"fnMap":{"0":{"name":"(anonymous_2)","decl":{"start":{"line":42,"column":13},"end":{"line":42,"column":16}},"loc":{"start":{"line":42,"column":19},"end":{"line":42,"column":23}}},"1":{"name":"(anonymous_3)","decl":{"start":{"line":42,"column":25},"end":{"line":42,"column":26}},"loc":{"start":{"line":42,"column":35},"end":{"line":42,"column":48}}},"2":{"name":"(anonymous_4)","decl":{"start":{"line":46,"column":12},"end":{"line":46,"column":15}},"loc":{"start":{"line":46,"column":18},"end":{"line":46,"column":26}}}},"branchMap":{},"s":{"0":2,"1":2,"2":2,"3":2,"4":2,"5":2,"6":2,"7":2,"8":2,"9":2,"10":2,"11":0,"12":0,"13":2,"14":0,"15":2,"16":2,"17":2},"f":{"0":0,"1":0,"2":0},"b":{}}
,"/Users/yujihun/Documents/sideproject/lessonmoa/src/entities/location.entity.ts": {"path":"/Users/yujihun/Documents/sideproject/lessonmoa/src/entities/location.entity.ts","statementMap":{"0":{"start":{"line":1,"column":0},"end":{"line":1,"column":46}},"1":{"start":{"line":2,"column":0},"end":{"line":2,"column":null}},"2":{"start":{"line":9,"column":0},"end":{"line":9,"column":39}},"3":{"start":{"line":10,"column":0},"end":{"line":10,"column":37}},"4":{"start":{"line":13,"column":0},"end":{"line":27,"column":null}},"5":{"start":{"line":16,"column":2},"end":{"line":16,"column":null}},"6":{"start":{"line":20,"column":2},"end":{"line":20,"column":null}},"7":{"start":{"line":23,"column":2},"end":{"line":23,"column":null}},"8":{"start":{"line":22,"column":19},"end":{"line":22,"column":24}},"9":{"start":{"line":22,"column":37},"end":{"line":22,"column":51}},"10":{"start":{"line":26,"column":2},"end":{"line":26,"column":null}},"11":{"start":{"line":25,"column":19},"end":{"line":25,"column":23}},"12":{"start":{"line":25,"column":35},"end":{"line":25,"column":48}},"13":{"start":{"line":13,"column":13},"end":{"line":27,"column":null}},"14":{"start":{"line":13,"column":13},"end":{"line":13,"column":21}}},"fnMap":{"0":{"name":"(anonymous_2)","decl":{"start":{"line":22,"column":13},"end":{"line":22,"column":16}},"loc":{"start":{"line":22,"column":19},"end":{"line":22,"column":24}}},"1":{"name":"(anonymous_3)","decl":{"start":{"line":22,"column":26},"end":{"line":22,"column":27}},"loc":{"start":{"line":22,"column":37},"end":{"line":22,"column":51}}},"2":{"name":"(anonymous_4)","decl":{"start":{"line":25,"column":13},"end":{"line":25,"column":16}},"loc":{"start":{"line":25,"column":19},"end":{"line":25,"column":23}}},"3":{"name":"(anonymous_5)","decl":{"start":{"line":25,"column":25},"end":{"line":25,"column":26}},"loc":{"start":{"line":25,"column":35},"end":{"line":25,"column":48}}}},"branchMap":{},"s":{"0":2,"1":2,"2":2,"3":2,"4":2,"5":2,"6":2,"7":2,"8":0,"9":0,"10":2,"11":0,"12":0,"13":2,"14":2},"f":{"0":0,"1":0,"2":0,"3":0},"b":{}}
,"/Users/yujihun/Documents/sideproject/lessonmoa/src/entities/place.entity.ts": {"path":"/Users/yujihun/Documents/sideproject/lessonmoa/src/entities/place.entity.ts","statementMap":{"0":{"start":{"line":1,"column":0},"end":{"line":1,"column":46}},"1":{"start":{"line":2,"column":0},"end":{"line":2,"column":null}},"2":{"start":{"line":11,"column":0},"end":{"line":11,"column":45}},"3":{"start":{"line":12,"column":0},"end":{"line":12,"column":41}},"4":{"start":{"line":15,"column":0},"end":{"line":34,"column":null}},"5":{"start":{"line":18,"column":2},"end":{"line":18,"column":null}},"6":{"start":{"line":22,"column":2},"end":{"line":22,"column":null}},"7":{"start":{"line":26,"column":2},"end":{"line":26,"column":null}},"8":{"start":{"line":30,"column":2},"end":{"line":30,"column":null}},"9":{"start":{"line":28,"column":19},"end":{"line":28,"column":27}},"10":{"start":{"line":28,"column":43},"end":{"line":28,"column":58}},"11":{"start":{"line":33,"column":2},"end":{"line":33,"column":null}},"12":{"start":{"line":32,"column":19},"end":{"line":32,"column":25}},"13":{"start":{"line":32,"column":39},"end":{"line":32,"column":51}},"14":{"start":{"line":15,"column":13},"end":{"line":34,"column":null}},"15":{"start":{"line":15,"column":13},"end":{"line":15,"column":18}}},"fnMap":{"0":{"name":"(anonymous_2)","decl":{"start":{"line":28,"column":13},"end":{"line":28,"column":16}},"loc":{"start":{"line":28,"column":19},"end":{"line":28,"column":27}}},"1":{"name":"(anonymous_3)","decl":{"start":{"line":28,"column":29},"end":{"line":28,"column":30}},"loc":{"start":{"line":28,"column":43},"end":{"line":28,"column":58}}},"2":{"name":"(anonymous_4)","decl":{"start":{"line":32,"column":13},"end":{"line":32,"column":16}},"loc":{"start":{"line":32,"column":19},"end":{"line":32,"column":25}}},"3":{"name":"(anonymous_5)","decl":{"start":{"line":32,"column":27},"end":{"line":32,"column":28}},"loc":{"start":{"line":32,"column":39},"end":{"line":32,"column":51}}}},"branchMap":{},"s":{"0":2,"1":2,"2":2,"3":2,"4":2,"5":2,"6":2,"7":2,"8":2,"9":0,"10":0,"11":2,"12":0,"13":0,"14":2,"15":2},"f":{"0":0,"1":0,"2":0,"3":0},"b":{}}
,"/Users/yujihun/Documents/sideproject/lessonmoa/src/entities/sub_category.entity.ts": {"path":"/Users/yujihun/Documents/sideproject/lessonmoa/src/entities/sub_category.entity.ts","statementMap":{"0":{"start":{"line":1,"column":0},"end":{"line":1,"column":56}},"1":{"start":{"line":2,"column":0},"end":{"line":2,"column":null}},"2":{"start":{"line":13,"column":0},"end":{"line":13,"column":45}},"3":{"start":{"line":14,"column":0},"end":{"line":14,"column":41}},"4":{"start":{"line":18,"column":0},"end":{"line":37,"column":null}},"5":{"start":{"line":21,"column":2},"end":{"line":21,"column":null}},"6":{"start":{"line":25,"column":2},"end":{"line":25,"column":null}},"7":{"start":{"line":29,"column":2},"end":{"line":29,"column":null}},"8":{"start":{"line":33,"column":2},"end":{"line":33,"column":null}},"9":{"start":{"line":31,"column":19},"end":{"line":31,"column":27}},"10":{"start":{"line":31,"column":43},"end":{"line":31,"column":65}},"11":{"start":{"line":36,"column":2},"end":{"line":36,"column":null}},"12":{"start":{"line":35,"column":19},"end":{"line":35,"column":25}},"13":{"start":{"line":35,"column":39},"end":{"line":35,"column":57}},"14":{"start":{"line":18,"column":13},"end":{"line":37,"column":null}},"15":{"start":{"line":18,"column":13},"end":{"line":18,"column":24}},"16":{"start":{"line":39,"column":0},"end":{"line":39,"column":13}}},"fnMap":{"0":{"name":"(anonymous_2)","decl":{"start":{"line":31,"column":13},"end":{"line":31,"column":16}},"loc":{"start":{"line":31,"column":19},"end":{"line":31,"column":27}}},"1":{"name":"(anonymous_3)","decl":{"start":{"line":31,"column":29},"end":{"line":31,"column":30}},"loc":{"start":{"line":31,"column":43},"end":{"line":31,"column":65}}},"2":{"name":"(anonymous_4)","decl":{"start":{"line":35,"column":13},"end":{"line":35,"column":16}},"loc":{"start":{"line":35,"column":19},"end":{"line":35,"column":25}}},"3":{"name":"(anonymous_5)","decl":{"start":{"line":35,"column":27},"end":{"line":35,"column":28}},"loc":{"start":{"line":35,"column":39},"end":{"line":35,"column":57}}}},"branchMap":{},"s":{"0":2,"1":2,"2":2,"3":2,"4":2,"5":2,"6":2,"7":2,"8":2,"9":0,"10":0,"11":2,"12":0,"13":0,"14":2,"15":2,"16":2},"f":{"0":0,"1":0,"2":0,"3":0},"b":{}}
,"/Users/yujihun/Documents/sideproject/lessonmoa/src/entities/user.entity.ts": {"path":"/Users/yujihun/Documents/sideproject/lessonmoa/src/entities/user.entity.ts","statementMap":{"0":{"start":{"line":1,"column":0},"end":{"line":1,"column":56}},"1":{"start":{"line":2,"column":0},"end":{"line":2,"column":null}},"2":{"start":{"line":14,"column":0},"end":{"line":14,"column":33}},"3":{"start":{"line":15,"column":0},"end":{"line":15,"column":61}},"4":{"start":{"line":16,"column":0},"end":{"line":16,"column":43}},"5":{"start":{"line":17,"column":0},"end":{"line":17,"column":41}},"6":{"start":{"line":18,"column":0},"end":{"line":18,"column":50}},"7":{"start":{"line":19,"column":0},"end":{"line":19,"column":45}},"8":{"start":{"line":24,"column":0},"end":{"line":96,"column":null}},"9":{"start":{"line":84,"column":4},"end":{"line":84,"column":56}},"10":{"start":{"line":88,"column":17},"end":{"line":88,"column":62}},"11":{"start":{"line":90,"column":4},"end":{"line":90,"column":16}},"12":{"start":{"line":94,"column":4},"end":{"line":94,"column":33}},"13":{"start":{"line":27,"column":2},"end":{"line":27,"column":null}},"14":{"start":{"line":36,"column":2},"end":{"line":36,"column":null}},"15":{"start":{"line":46,"column":2},"end":{"line":46,"column":null}},"16":{"start":{"line":55,"column":2},"end":{"line":55,"column":null}},"17":{"start":{"line":59,"column":2},"end":{"line":59,"column":null}},"18":{"start":{"line":63,"column":2},"end":{"line":63,"column":null}},"19":{"start":{"line":67,"column":2},"end":{"line":67,"column":null}},"20":{"start":{"line":70,"column":2},"end":{"line":70,"column":null}},"21":{"start":{"line":69,"column":19},"end":{"line":69,"column":26}},"22":{"start":{"line":69,"column":41},"end":{"line":69,"column":53}},"23":{"start":{"line":73,"column":2},"end":{"line":73,"column":null}},"24":{"start":{"line":72,"column":19},"end":{"line":72,"column":25}},"25":{"start":{"line":72,"column":39},"end":{"line":72,"column":50}},"26":{"start":{"line":76,"column":2},"end":{"line":76,"column":null}},"27":{"start":{"line":75,"column":19},"end":{"line":75,"column":29}},"28":{"start":{"line":75,"column":47},"end":{"line":75,"column":62}},"29":{"start":{"line":80,"column":2},"end":{"line":80,"column":null}},"30":{"start":{"line":78,"column":19},"end":{"line":78,"column":27}},"31":{"start":{"line":78,"column":43},"end":{"line":78,"column":57}},"32":{"start":{"line":83,"column":2},"end":{"line":85,"column":null}},"33":{"start":{"line":24,"column":13},"end":{"line":96,"column":null}},"34":{"start":{"line":24,"column":13},"end":{"line":24,"column":17}},"35":{"start":{"line":98,"column":0},"end":{"line":98,"column":13}}},"fnMap":{"0":{"name":"(anonymous_2)","decl":{"start":{"line":83,"column":2},"end":{"line":83,"column":7}},"loc":{"start":{"line":83,"column":22},"end":{"line":85,"column":3}}},"1":{"name":"(anonymous_3)","decl":{"start":{"line":87,"column":2},"end":{"line":87,"column":7}},"loc":{"start":{"line":87,"column":42},"end":{"line":91,"column":3}}},"2":{"name":"(anonymous_4)","decl":{"start":{"line":93,"column":2},"end":{"line":93,"column":8}},"loc":{"start":{"line":93,"column":8},"end":{"line":95,"column":3}}},"3":{"name":"(anonymous_5)","decl":{"start":{"line":69,"column":13},"end":{"line":69,"column":16}},"loc":{"start":{"line":69,"column":19},"end":{"line":69,"column":26}}},"4":{"name":"(anonymous_6)","decl":{"start":{"line":69,"column":28},"end":{"line":69,"column":29}},"loc":{"start":{"line":69,"column":41},"end":{"line":69,"column":53}}},"5":{"name":"(anonymous_7)","decl":{"start":{"line":72,"column":13},"end":{"line":72,"column":16}},"loc":{"start":{"line":72,"column":19},"end":{"line":72,"column":25}}},"6":{"name":"(anonymous_8)","decl":{"start":{"line":72,"column":27},"end":{"line":72,"column":28}},"loc":{"start":{"line":72,"column":39},"end":{"line":72,"column":50}}},"7":{"name":"(anonymous_9)","decl":{"start":{"line":75,"column":13},"end":{"line":75,"column":16}},"loc":{"start":{"line":75,"column":19},"end":{"line":75,"column":29}}},"8":{"name":"(anonymous_10)","decl":{"start":{"line":75,"column":31},"end":{"line":75,"column":32}},"loc":{"start":{"line":75,"column":47},"end":{"line":75,"column":62}}},"9":{"name":"(anonymous_11)","decl":{"start":{"line":78,"column":13},"end":{"line":78,"column":16}},"loc":{"start":{"line":78,"column":19},"end":{"line":78,"column":27}}},"10":{"name":"(anonymous_12)","decl":{"start":{"line":78,"column":29},"end":{"line":78,"column":30}},"loc":{"start":{"line":78,"column":43},"end":{"line":78,"column":57}}}},"branchMap":{},"s":{"0":2,"1":2,"2":2,"3":2,"4":2,"5":2,"6":2,"7":2,"8":2,"9":0,"10":0,"11":0,"12":0,"13":2,"14":2,"15":2,"16":2,"17":2,"18":2,"19":2,"20":2,"21":0,"22":0,"23":2,"24":0,"25":0,"26":2,"27":0,"28":0,"29":2,"30":0,"31":0,"32":2,"33":2,"34":2,"35":2},"f":{"0":0,"1":0,"2":0,"3":0,"4":0,"5":0,"6":0,"7":0,"8":0,"9":0,"10":0},"b":{}}
,"/Users/yujihun/Documents/sideproject/lessonmoa/src/entities/user_lesson.entity.ts": {"path":"/Users/yujihun/Documents/sideproject/lessonmoa/src/entities/user_lesson.entity.ts","statementMap":{"0":{"start":{"line":1,"column":0},"end":{"line":1,"column":46}},"1":{"start":{"line":2,"column":0},"end":{"line":2,"column":null}},"2":{"start":{"line":9,"column":0},"end":{"line":9,"column":37}},"3":{"start":{"line":10,"column":0},"end":{"line":10,"column":41}},"4":{"start":{"line":13,"column":0},"end":{"line":25,"column":null}},"5":{"start":{"line":16,"column":2},"end":{"line":16,"column":null}},"6":{"start":{"line":20,"column":2},"end":{"line":20,"column":null}},"7":{"start":{"line":18,"column":19},"end":{"line":18,"column":23}},"8":{"start":{"line":18,"column":35},"end":{"line":18,"column":39}},"9":{"start":{"line":24,"column":2},"end":{"line":24,"column":null}},"10":{"start":{"line":22,"column":19},"end":{"line":22,"column":25}},"11":{"start":{"line":22,"column":39},"end":{"line":22,"column":45}},"12":{"start":{"line":13,"column":13},"end":{"line":25,"column":null}},"13":{"start":{"line":13,"column":13},"end":{"line":13,"column":23}}},"fnMap":{"0":{"name":"(anonymous_2)","decl":{"start":{"line":18,"column":13},"end":{"line":18,"column":16}},"loc":{"start":{"line":18,"column":19},"end":{"line":18,"column":23}}},"1":{"name":"(anonymous_3)","decl":{"start":{"line":18,"column":25},"end":{"line":18,"column":26}},"loc":{"start":{"line":18,"column":35},"end":{"line":18,"column":39}}},"2":{"name":"(anonymous_4)","decl":{"start":{"line":22,"column":13},"end":{"line":22,"column":16}},"loc":{"start":{"line":22,"column":19},"end":{"line":22,"column":25}}},"3":{"name":"(anonymous_5)","decl":{"start":{"line":22,"column":27},"end":{"line":22,"column":28}},"loc":{"start":{"line":22,"column":39},"end":{"line":22,"column":45}}}},"branchMap":{},"s":{"0":2,"1":2,"2":2,"3":2,"4":2,"5":2,"6":2,"7":0,"8":0,"9":2,"10":0,"11":0,"12":2,"13":2},"f":{"0":0,"1":0,"2":0,"3":0},"b":{}}
,"/Users/yujihun/Documents/sideproject/lessonmoa/src/functions/all-exceptionfilter.ts": {"path":"/Users/yujihun/Documents/sideproject/lessonmoa/src/functions/all-exceptionfilter.ts","statementMap":{"0":{"start":{"line":1,"column":0},"end":{"line":1,"column":null}},"1":{"start":{"line":10,"column":0},"end":{"line":10,"column":77}},"2":{"start":{"line":20,"column":34},"end":{"line":68,"column":null}},"3":{"start":{"line":21,"column":19},"end":{"line":21,"column":67}},"4":{"start":{"line":26,"column":4},"end":{"line":26,"column":27}},"5":{"start":{"line":28,"column":4},"end":{"line":53,"column":null}},"6":{"start":{"line":29,"column":6},"end":{"line":34,"column":8}},"7":{"start":{"line":35,"column":6},"end":{"line":35,"column":32}},"8":{"start":{"line":36,"column":11},"end":{"line":53,"column":null}},"9":{"start":{"line":37,"column":6},"end":{"line":42,"column":8}},"10":{"start":{"line":44,"column":6},"end":{"line":44,"column":37}},"11":{"start":{"line":46,"column":6},"end":{"line":51,"column":8}},"12":{"start":{"line":52,"column":6},"end":{"line":52,"column":48}},"13":{"start":{"line":55,"column":16},"end":{"line":55,"column":35}},"14":{"start":{"line":56,"column":21},"end":{"line":56,"column":48}},"15":{"start":{"line":57,"column":20},"end":{"line":57,"column":45}},"16":{"start":{"line":59,"column":4},"end":{"line":64,"column":6}},"17":{"start":{"line":66,"column":4},"end":{"line":66,"column":39}},"18":{"start":{"line":20,"column":13},"end":{"line":68,"column":null}},"19":{"start":{"line":20,"column":13},"end":{"line":20,"column":34}}},"fnMap":{"0":{"name":"(anonymous_1)","decl":{"start":{"line":20,"column":0},"end":{"line":20,"column":13}},"loc":{"start":{"line":20,"column":0},"end":{"line":68,"column":1}}},"1":{"name":"(anonymous_2)","decl":{"start":{"line":23,"column":2},"end":{"line":23,"column":7}},"loc":{"start":{"line":23,"column":45},"end":{"line":67,"column":3}}}},"branchMap":{"0":{"loc":{"start":{"line":28,"column":4},"end":{"line":53,"column":null}},"type":"if","locations":[{"start":{"line":28,"column":4},"end":{"line":53,"column":null}},{"start":{"line":36,"column":11},"end":{"line":53,"column":null}}]},"1":{"loc":{"start":{"line":36,"column":11},"end":{"line":53,"column":null}},"type":"if","locations":[{"start":{"line":36,"column":11},"end":{"line":53,"column":null}},{"start":{"line":45,"column":11},"end":{"line":53,"column":null}}]}},"s":{"0":0,"1":0,"2":0,"3":0,"4":0,"5":0,"6":0,"7":0,"8":0,"9":0,"10":0,"11":0,"12":0,"13":0,"14":0,"15":0,"16":0,"17":0,"18":0,"19":0},"f":{"0":0,"1":0},"b":{"0":[0,0],"1":[0,0]}}
,"/Users/yujihun/Documents/sideproject/lessonmoa/src/functions/business-exception-filter.ts": {"path":"/Users/yujihun/Documents/sideproject/lessonmoa/src/functions/business-exception-filter.ts","statementMap":{"0":{"start":{"line":15,"column":4},"end":{"line":15,"column":19}},"1":{"start":{"line":10,"column":20},"end":{"line":10,"column":39}},"2":{"start":{"line":11,"column":20},"end":{"line":11,"column":35}},"3":{"start":{"line":12,"column":20},"end":{"line":12,"column":47}},"4":{"start":{"line":13,"column":20},"end":{"line":13,"column":38}},"5":{"start":{"line":16,"column":4},"end":{"line":16,"column":40}},"6":{"start":{"line":17,"column":4},"end":{"line":17,"column":32}},"7":{"start":{"line":21,"column":14},"end":{"line":21,"column":78}},"8":{"start":{"line":22,"column":4},"end":{"line":25,"column":6}},"9":{"start":{"line":23,"column":13},"end":{"line":23,"column":48}},"10":{"start":{"line":5,"column":0},"end":{"line":5,"column":13}}},"fnMap":{"0":{"name":"(anonymous_0)","decl":{"start":{"line":9,"column":2},"end":{"line":9,"column":null}},"loc":{"start":{"line":13,"column":38},"end":{"line":18,"column":3}}},"1":{"name":"(anonymous_1)","decl":{"start":{"line":20,"column":10},"end":{"line":20,"column":16}},"loc":{"start":{"line":20,"column":34},"end":{"line":26,"column":3}}},"2":{"name":"(anonymous_2)","decl":{"start":{"line":23,"column":6},"end":{"line":23,"column":7}},"loc":{"start":{"line":23,"column":13},"end":{"line":23,"column":48}}}},"branchMap":{"0":{"loc":{"start":{"line":20,"column":23},"end":{"line":20,"column":34}},"type":"default-arg","locations":[{"start":{"line":20,"column":32},"end":{"line":20,"column":34}}]}},"s":{"0":0,"1":0,"2":0,"3":0,"4":0,"5":0,"6":0,"7":0,"8":0,"9":0,"10":0},"f":{"0":0,"1":0,"2":0},"b":{"0":[0]}}
,"/Users/yujihun/Documents/sideproject/lessonmoa/src/functions/validation.ts": {"path":"/Users/yujihun/Documents/sideproject/lessonmoa/src/functions/validation.ts","statementMap":{"0":{"start":{"line":1,"column":28},"end":{"line":3,"column":1}},"1":{"start":{"line":2,"column":2},"end":{"line":2,"column":36}},"2":{"start":{"line":1,"column":13},"end":{"line":1,"column":28}},"3":{"start":{"line":5,"column":30},"end":{"line":7,"column":1}},"4":{"start":{"line":6,"column":2},"end":{"line":6,"column":26}},"5":{"start":{"line":5,"column":13},"end":{"line":5,"column":30}},"6":{"start":{"line":9,"column":38},"end":{"line":11,"column":1}},"7":{"start":{"line":10,"column":2},"end":{"line":10,"column":46}},"8":{"start":{"line":10,"column":42},"end":{"line":10,"column":44}},"9":{"start":{"line":9,"column":13},"end":{"line":9,"column":38}},"10":{"start":{"line":13,"column":23},"end":{"line":15,"column":1}},"11":{"start":{"line":14,"column":2},"end":{"line":14,"column":76}},"12":{"start":{"line":14,"column":45},"end":{"line":14,"column":60}},"13":{"start":{"line":13,"column":13},"end":{"line":13,"column":23}}},"fnMap":{"0":{"name":"(anonymous_0)","decl":{"start":{"line":1,"column":28},"end":{"line":1,"column":29}},"loc":{"start":{"line":1,"column":60},"end":{"line":3,"column":1}}},"1":{"name":"(anonymous_1)","decl":{"start":{"line":5,"column":30},"end":{"line":5,"column":31}},"loc":{"start":{"line":5,"column":48},"end":{"line":7,"column":1}}},"2":{"name":"(anonymous_2)","decl":{"start":{"line":9,"column":38},"end":{"line":9,"column":39}},"loc":{"start":{"line":9,"column":56},"end":{"line":11,"column":1}}},"3":{"name":"(anonymous_3)","decl":{"start":{"line":10,"column":30},"end":{"line":10,"column":31}},"loc":{"start":{"line":10,"column":42},"end":{"line":10,"column":44}}},"4":{"name":"(anonymous_4)","decl":{"start":{"line":13,"column":23},"end":{"line":13,"column":24}},"loc":{"start":{"line":13,"column":41},"end":{"line":15,"column":1}}},"5":{"name":"(anonymous_5)","decl":{"start":{"line":14,"column":38},"end":{"line":14,"column":39}},"loc":{"start":{"line":14,"column":45},"end":{"line":14,"column":60}}}},"branchMap":{},"s":{"0":1,"1":0,"2":1,"3":1,"4":0,"5":1,"6":1,"7":0,"8":0,"9":1,"10":1,"11":0,"12":0,"13":1},"f":{"0":0,"1":0,"2":0,"3":0,"4":0,"5":0},"b":{}}
,"/Users/yujihun/Documents/sideproject/lessonmoa/src/guards/auth.guard.ts": {"path":"/Users/yujihun/Documents/sideproject/lessonmoa/src/guards/auth.guard.ts","statementMap":{"0":{"start":{"line":1,"column":0},"end":{"line":1,"column":null}},"1":{"start":{"line":8,"column":0},"end":{"line":8,"column":66}},"2":{"start":{"line":9,"column":0},"end":{"line":9,"column":37}},"3":{"start":{"line":11,"column":0},"end":{"line":11,"column":54}},"4":{"start":{"line":12,"column":0},"end":{"line":12,"column":36}},"5":{"start":{"line":22,"column":0},"end":{"line":69,"column":null}},"6":{"start":{"line":24,"column":31},"end":{"line":24,"column":43}},"7":{"start":{"line":27,"column":25},"end":{"line":27,"column":60}},"8":{"start":{"line":29,"column":24},"end":{"line":29,"column":56}},"9":{"start":{"line":31,"column":4},"end":{"line":39,"column":null}},"10":{"start":{"line":32,"column":6},"end":{"line":38,"column":8}},"11":{"start":{"line":41,"column":4},"end":{"line":67,"column":null}},"12":{"start":{"line":42,"column":28},"end":{"line":42,"column":79}},"13":{"start":{"line":44,"column":24},"end":{"line":44,"column":51}},"14":{"start":{"line":46,"column":6},"end":{"line":46,"column":80}},"15":{"start":{"line":48,"column":19},"end":{"line":48,"column":63}},"16":{"start":{"line":50,"column":6},"end":{"line":50,"column":25}},"17":{"start":{"line":52,"column":6},"end":{"line":52,"column":18}},"18":{"start":{"line":54,"column":6},"end":{"line":62,"column":null}},"19":{"start":{"line":55,"column":8},"end":{"line":61,"column":10}},"20":{"start":{"line":63,"column":6},"end":{"line":65,"column":null}},"21":{"start":{"line":64,"column":8},"end":{"line":64,"column":20}},"22":{"start":{"line":66,"column":6},"end":{"line":66,"column":19}},"23":{"start":{"line":22,"column":13},"end":{"line":69,"column":null}},"24":{"start":{"line":22,"column":13},"end":{"line":22,"column":22}}},"fnMap":{"0":{"name":"(anonymous_2)","decl":{"start":{"line":24,"column":2},"end":{"line":24,"column":31}},"loc":{"start":{"line":24,"column":53},"end":{"line":24,"column":57}}},"1":{"name":"(anonymous_3)","decl":{"start":{"line":26,"column":2},"end":{"line":26,"column":7}},"loc":{"start":{"line":26,"column":45},"end":{"line":68,"column":3}}}},"branchMap":{"0":{"loc":{"start":{"line":29,"column":24},"end":{"line":29,"column":56}},"type":"cond-expr","locations":[{"start":{"line":29,"column":41},"end":{"line":29,"column":43}},{"start":{"line":29,"column":41},"end":{"line":29,"column":56}}]},"1":{"loc":{"start":{"line":29,"column":24},"end":{"line":29,"column":43}},"type":"binary-expr","locations":[{"start":{"line":29,"column":24},"end":{"line":29,"column":43}},{"start":{"line":29,"column":41},"end":{"line":29,"column":43}}]},"2":{"loc":{"start":{"line":31,"column":4},"end":{"line":39,"column":null}},"type":"if","locations":[{"start":{"line":31,"column":4},"end":{"line":39,"column":null}}]},"3":{"loc":{"start":{"line":54,"column":6},"end":{"line":62,"column":null}},"type":"if","locations":[{"start":{"line":54,"column":6},"end":{"line":62,"column":null}}]},"4":{"loc":{"start":{"line":63,"column":6},"end":{"line":65,"column":null}},"type":"if","locations":[{"start":{"line":63,"column":6},"end":{"line":65,"column":null}}]}},"s":{"0":1,"1":1,"2":1,"3":1,"4":1,"5":1,"6":1,"7":0,"8":0,"9":0,"10":0,"11":0,"12":0,"13":0,"14":0,"15":0,"16":0,"17":0,"18":0,"19":0,"20":0,"21":0,"22":0,"23":1,"24":1},"f":{"0":1,"1":0},"b":{"0":[0,0],"1":[0,0],"2":[0],"3":[0],"4":[0]}}
,"/Users/yujihun/Documents/sideproject/lessonmoa/src/lesson/lesson.controller.ts": {"path":"/Users/yujihun/Documents/sideproject/lessonmoa/src/lesson/lesson.controller.ts","statementMap":{"0":{"start":{"line":1,"column":0},"end":{"line":1,"column":null}},"1":{"start":{"line":14,"column":0},"end":{"line":14,"column":49}},"2":{"start":{"line":15,"column":0},"end":{"line":15,"column":56}},"3":{"start":{"line":16,"column":0},"end":{"line":16,"column":57}},"4":{"start":{"line":17,"column":0},"end":{"line":17,"column":55}},"5":{"start":{"line":18,"column":0},"end":{"line":18,"column":50}},"6":{"start":{"line":19,"column":0},"end":{"line":19,"column":59}},"7":{"start":{"line":20,"column":0},"end":{"line":20,"column":61}},"8":{"start":{"line":21,"column":0},"end":{"line":21,"column":61}},"9":{"start":{"line":22,"column":0},"end":{"line":22,"column":59}},"10":{"start":{"line":26,"column":0},"end":{"line":80,"column":null}},"11":{"start":{"line":27,"column":31},"end":{"line":27,"column":40}},"12":{"start":{"line":33,"column":4},"end":{"line":33,"column":54}},"13":{"start":{"line":44,"column":4},"end":{"line":44,"column":64}},"14":{"start":{"line":51,"column":4},"end":{"line":51,"column":44}},"15":{"start":{"line":62,"column":4},"end":{"line":62,"column":64}},"16":{"start":{"line":70,"column":4},"end":{"line":70,"column":56}},"17":{"start":{"line":78,"column":4},"end":{"line":78,"column":61}},"18":{"start":{"line":32,"column":2},"end":{"line":34,"column":null}},"19":{"start":{"line":40,"column":2},"end":{"line":45,"column":null}},"20":{"start":{"line":50,"column":2},"end":{"line":52,"column":null}},"21":{"start":{"line":58,"column":2},"end":{"line":63,"column":null}},"22":{"start":{"line":69,"column":2},"end":{"line":71,"column":null}},"23":{"start":{"line":77,"column":2},"end":{"line":79,"column":null}},"24":{"start":{"line":26,"column":13},"end":{"line":80,"column":null}},"25":{"start":{"line":26,"column":13},"end":{"line":26,"column":29}}},"fnMap":{"0":{"name":"(anonymous_4)","decl":{"start":{"line":27,"column":2},"end":{"line":27,"column":31}},"loc":{"start":{"line":27,"column":53},"end":{"line":27,"column":57}}},"1":{"name":"(anonymous_5)","decl":{"start":{"line":32,"column":2},"end":{"line":32,"column":16}},"loc":{"start":{"line":32,"column":74},"end":{"line":34,"column":3}}},"2":{"name":"(anonymous_6)","decl":{"start":{"line":40,"column":2},"end":{"line":40,"column":14}},"loc":{"start":{"line":42,"column":19},"end":{"line":45,"column":3}}},"3":{"name":"(anonymous_7)","decl":{"start":{"line":50,"column":2},"end":{"line":50,"column":11}},"loc":{"start":{"line":50,"column":47},"end":{"line":52,"column":3}}},"4":{"name":"(anonymous_8)","decl":{"start":{"line":58,"column":2},"end":{"line":58,"column":14}},"loc":{"start":{"line":60,"column":66},"end":{"line":63,"column":3}}},"5":{"name":"(anonymous_9)","decl":{"start":{"line":69,"column":2},"end":{"line":69,"column":13}},"loc":{"start":{"line":69,"column":66},"end":{"line":71,"column":3}}},"6":{"name":"(anonymous_10)","decl":{"start":{"line":77,"column":2},"end":{"line":77,"column":18}},"loc":{"start":{"line":77,"column":71},"end":{"line":79,"column":3}}}},"branchMap":{},"s":{"0":0,"1":0,"2":0,"3":0,"4":0,"5":0,"6":0,"7":0,"8":0,"9":0,"10":0,"11":0,"12":0,"13":0,"14":0,"15":0,"16":0,"17":0,"18":0,"19":0,"20":0,"21":0,"22":0,"23":0,"24":0,"25":0},"f":{"0":0,"1":0,"2":0,"3":0,"4":0,"5":0,"6":0},"b":{}}
,"/Users/yujihun/Documents/sideproject/lessonmoa/src/lesson/lesson.module.ts": {"path":"/Users/yujihun/Documents/sideproject/lessonmoa/src/lesson/lesson.module.ts","statementMap":{"0":{"start":{"line":1,"column":0},"end":{"line":1,"column":40}},"1":{"start":{"line":2,"column":0},"end":{"line":2,"column":49}},"2":{"start":{"line":3,"column":0},"end":{"line":3,"column":55}},"3":{"start":{"line":9,"column":0},"end":{"line":9,"column":null}},"4":{"start":{"line":9,"column":13},"end":{"line":9,"column":null}},"5":{"start":{"line":9,"column":13},"end":{"line":9,"column":25}}},"fnMap":{},"branchMap":{},"s":{"0":0,"1":0,"2":0,"3":0,"4":0,"5":0},"f":{},"b":{}}
,"/Users/yujihun/Documents/sideproject/lessonmoa/src/lesson/lesson.service.ts": {"path":"/Users/yujihun/Documents/sideproject/lessonmoa/src/lesson/lesson.service.ts","statementMap":{"0":{"start":{"line":1,"column":0},"end":{"line":1,"column":79}},"1":{"start":{"line":2,"column":0},"end":{"line":2,"column":37}},"2":{"start":{"line":4,"column":0},"end":{"line":4,"column":70}},"3":{"start":{"line":5,"column":0},"end":{"line":5,"column":59}},"4":{"start":{"line":6,"column":0},"end":{"line":6,"column":48}},"5":{"start":{"line":7,"column":0},"end":{"line":7,"column":65}},"6":{"start":{"line":8,"column":0},"end":{"line":8,"column":81}},"7":{"start":{"line":9,"column":0},"end":{"line":9,"column":54}},"8":{"start":{"line":10,"column":0},"end":{"line":10,"column":59}},"9":{"start":{"line":11,"column":0},"end":{"line":11,"column":67}},"10":{"start":{"line":12,"column":0},"end":{"line":12,"column":79}},"11":{"start":{"line":13,"column":0},"end":{"line":13,"column":56}},"12":{"start":{"line":14,"column":0},"end":{"line":14,"column":66}},"13":{"start":{"line":16,"column":0},"end":{"line":16,"column":68}},"14":{"start":{"line":18,"column":13},"end":{"line":22,"column":2}},"15":{"start":{"line":24,"column":13},"end":{"line":27,"column":2}},"16":{"start":{"line":30,"column":0},"end":{"line":301,"column":null}},"17":{"start":{"line":37,"column":31},"end":{"line":37,"column":43}},"18":{"start":{"line":40,"column":19},"end":{"line":40,"column":49}},"19":{"start":{"line":42,"column":4},"end":{"line":50,"column":null}},"20":{"start":{"line":43,"column":6},"end":{"line":49,"column":8}},"21":{"start":{"line":52,"column":4},"end":{"line":52,"column":18}},"22":{"start":{"line":56,"column":30},"end":{"line":58,"column":null}},"23":{"start":{"line":61,"column":4},"end":{"line":69,"column":null}},"24":{"start":{"line":62,"column":6},"end":{"line":68,"column":8}},"25":{"start":{"line":71,"column":4},"end":{"line":71,"column":29}},"26":{"start":{"line":75,"column":4},"end":{"line":76,"column":60}},"27":{"start":{"line":77,"column":30},"end":{"line":77,"column":43}},"28":{"start":{"line":81,"column":4},"end":{"line":87,"column":null}},"29":{"start":{"line":82,"column":6},"end":{"line":82,"column":70}},"30":{"start":{"line":84,"column":6},"end":{"line":86,"column":8}},"31":{"start":{"line":89,"column":4},"end":{"line":89,"column":19}},"32":{"start":{"line":94,"column":4},"end":{"line":95,"column":60}},"33":{"start":{"line":96,"column":4},"end":{"line":98,"column":6}},"34":{"start":{"line":99,"column":4},"end":{"line":99,"column":80}},"35":{"start":{"line":101,"column":4},"end":{"line":109,"column":null}},"36":{"start":{"line":102,"column":6},"end":{"line":108,"column":8}},"37":{"start":{"line":111,"column":39},"end":{"line":111,"column":54}},"38":{"start":{"line":113,"column":24},"end":{"line":114,"column":null}},"39":{"start":{"line":117,"column":18},"end":{"line":117,"column":62}},"40":{"start":{"line":119,"column":20},"end":{"line":123,"column":null}},"41":{"start":{"line":126,"column":21},"end":{"line":126,"column":24}},"42":{"start":{"line":128,"column":4},"end":{"line":128,"column":18}},"43":{"start":{"line":132,"column":4},"end":{"line":133,"column":60}},"44":{"start":{"line":135,"column":19},"end":{"line":135,"column":66}},"45":{"start":{"line":137,"column":4},"end":{"line":145,"column":null}},"46":{"start":{"line":138,"column":6},"end":{"line":144,"column":8}},"47":{"start":{"line":147,"column":4},"end":{"line":147,"column":18}},"48":{"start":{"line":152,"column":4},"end":{"line":153,"column":60}},"49":{"start":{"line":154,"column":4},"end":{"line":156,"column":6}},"50":{"start":{"line":157,"column":4},"end":{"line":157,"column":80}},"51":{"start":{"line":159,"column":39},"end":{"line":159,"column":54}},"52":{"start":{"line":161,"column":24},"end":{"line":162,"column":null}},"53":{"start":{"line":165,"column":18},"end":{"line":165,"column":62}},"54":{"start":{"line":167,"column":4},"end":{"line":201,"column":null}},"55":{"start":{"line":168,"column":32},"end":{"line":172,"column":null}},"56":{"start":{"line":175,"column":6},"end":{"line":183,"column":null}},"57":{"start":{"line":176,"column":8},"end":{"line":182,"column":10}},"58":{"start":{"line":185,"column":23},"end":{"line":185,"column":26}},"59":{"start":{"line":187,"column":6},"end":{"line":187,"column":20}},"60":{"start":{"line":189,"column":6},"end":{"line":200,"column":null}},"61":{"start":{"line":191,"column":10},"end":{"line":199,"column":null}},"62":{"start":{"line":192,"column":12},"end":{"line":198,"column":14}},"63":{"start":{"line":206,"column":4},"end":{"line":207,"column":60}},"64":{"start":{"line":208,"column":4},"end":{"line":209,"column":64}},"65":{"start":{"line":210,"column":4},"end":{"line":210,"column":78}},"66":{"start":{"line":212,"column":19},"end":{"line":212,"column":54}},"67":{"start":{"line":214,"column":4},"end":{"line":232,"column":null}},"68":{"start":{"line":216,"column":8},"end":{"line":222,"column":10}},"69":{"start":{"line":224,"column":8},"end":{"line":231,"column":10}},"70":{"start":{"line":234,"column":4},"end":{"line":234,"column":47}},"71":{"start":{"line":236,"column":4},"end":{"line":236,"column":62}},"72":{"start":{"line":238,"column":20},"end":{"line":240,"column":null}},"73":{"start":{"line":243,"column":25},"end":{"line":243,"column":28}},"74":{"start":{"line":245,"column":4},"end":{"line":250,"column":null}},"75":{"start":{"line":246,"column":6},"end":{"line":249,"column":8}},"76":{"start":{"line":252,"column":4},"end":{"line":252,"column":29}},"77":{"start":{"line":257,"column":4},"end":{"line":258,"column":60}},"78":{"start":{"line":259,"column":4},"end":{"line":260,"column":64}},"79":{"start":{"line":262,"column":19},"end":{"line":262,"column":49}},"80":{"start":{"line":264,"column":30},"end":{"line":266,"column":null}},"81":{"start":{"line":269,"column":4},"end":{"line":277,"column":null}},"82":{"start":{"line":270,"column":6},"end":{"line":276,"column":8}},"83":{"start":{"line":279,"column":4},"end":{"line":279,"column":67}},"84":{"start":{"line":281,"column":4},"end":{"line":284,"column":6}},"85":{"start":{"line":286,"column":4},"end":{"line":289,"column":6}},"86":{"start":{"line":291,"column":4},"end":{"line":291,"column":29}},"87":{"start":{"line":296,"column":4},"end":{"line":297,"column":60}},"88":{"start":{"line":299,"column":4},"end":{"line":299,"column":63}},"89":{"start":{"line":93,"column":2},"end":{"line":129,"column":null}},"90":{"start":{"line":151,"column":2},"end":{"line":202,"column":null}},"91":{"start":{"line":205,"column":2},"end":{"line":253,"column":null}},"92":{"start":{"line":256,"column":2},"end":{"line":292,"column":null}},"93":{"start":{"line":295,"column":2},"end":{"line":300,"column":null}},"94":{"start":{"line":30,"column":13},"end":{"line":301,"column":null}},"95":{"start":{"line":30,"column":13},"end":{"line":30,"column":26}}},"fnMap":{"0":{"name":"(anonymous_2)","decl":{"start":{"line":37,"column":2},"end":{"line":37,"column":31}},"loc":{"start":{"line":37,"column":53},"end":{"line":37,"column":57}}},"1":{"name":"(anonymous_3)","decl":{"start":{"line":39,"column":10},"end":{"line":39,"column":15}},"loc":{"start":{"line":39,"column":47},"end":{"line":53,"column":3}}},"2":{"name":"(anonymous_4)","decl":{"start":{"line":55,"column":10},"end":{"line":55,"column":15}},"loc":{"start":{"line":55,"column":60},"end":{"line":72,"column":3}}},"3":{"name":"(anonymous_5)","decl":{"start":{"line":74,"column":2},"end":{"line":74,"column":7}},"loc":{"start":{"line":74,"column":51},"end":{"line":90,"column":3}}},"4":{"name":"(anonymous_6)","decl":{"start":{"line":93,"column":2},"end":{"line":93,"column":7}},"loc":{"start":{"line":93,"column":65},"end":{"line":129,"column":3}}},"5":{"name":"(anonymous_7)","decl":{"start":{"line":131,"column":2},"end":{"line":131,"column":7}},"loc":{"start":{"line":131,"column":34},"end":{"line":148,"column":3}}},"6":{"name":"(anonymous_8)","decl":{"start":{"line":151,"column":2},"end":{"line":151,"column":7}},"loc":{"start":{"line":151,"column":71},"end":{"line":202,"column":3}}},"7":{"name":"(anonymous_9)","decl":{"start":{"line":205,"column":2},"end":{"line":205,"column":7}},"loc":{"start":{"line":205,"column":48},"end":{"line":253,"column":3}}},"8":{"name":"(anonymous_10)","decl":{"start":{"line":256,"column":2},"end":{"line":256,"column":7}},"loc":{"start":{"line":256,"column":53},"end":{"line":292,"column":3}}},"9":{"name":"(anonymous_11)","decl":{"start":{"line":295,"column":2},"end":{"line":295,"column":7}},"loc":{"start":{"line":295,"column":36},"end":{"line":300,"column":3}}}},"branchMap":{"0":{"loc":{"start":{"line":42,"column":4},"end":{"line":50,"column":null}},"type":"if","locations":[{"start":{"line":42,"column":4},"end":{"line":50,"column":null}}]},"1":{"loc":{"start":{"line":61,"column":4},"end":{"line":69,"column":null}},"type":"if","locations":[{"start":{"line":61,"column":4},"end":{"line":69,"column":null}}]},"2":{"loc":{"start":{"line":81,"column":4},"end":{"line":87,"column":null}},"type":"if","locations":[{"start":{"line":81,"column":4},"end":{"line":87,"column":null}},{"start":{"line":83,"column":11},"end":{"line":87,"column":null}}]},"3":{"loc":{"start"
[...]
,"/Users/yujihun/Documents/sideproject/lessonmoa/src/repositories/auth.repository.ts": {"path":"/Users/yujihun/Documents/sideproject/lessonmoa/src/repositories/auth.repository.ts","statementMap":{"0":{"start":{"line":2,"column":0},"end":{"line":2,"column":48}},"1":{"start":{"line":3,"column":0},"end":{"line":3,"column":43}},"2":{"start":{"line":4,"column":0},"end":{"line":4,"column":66}},"3":{"start":{"line":8,"column":0},"end":{"line":18,"column":null}},"4":{"start":{"line":10,"column":4},"end":{"line":10,"column":58}},"5":{"start":{"line":14,"column":4},"end":{"line":16,"column":7}},"6":{"start":{"line":8,"column":13},"end":{"line":18,"column":null}},"7":{"start":{"line":8,"column":13},"end":{"line":8,"column":27}}},"fnMap":{"0":{"name":"(anonymous_1)","decl":{"start":{"line":9,"column":2},"end":{"line":9,"column":7}},"loc":{"start":{"line":9,"column":55},"end":{"line":11,"column":3}}},"1":{"name":"(anonymous_2)","decl":{"start":{"line":13,"column":2},"end":{"line":13,"column":7}},"loc":{"start":{"line":13,"column":30},"end":{"line":17,"column":3}}}},"branchMap":{},"s":{"0":2,"1":2,"2":2,"3":2,"4":0,"5":0,"6":2,"7":2},"f":{"0":0,"1":0},"b":{}}
,"/Users/yujihun/Documents/sideproject/lessonmoa/src/repositories/category.repository.ts": {"path":"/Users/yujihun/Documents/sideproject/lessonmoa/src/repositories/category.repository.ts","statementMap":{"0":{"start":{"line":1,"column":0},"end":{"line":1,"column":56}},"1":{"start":{"line":2,"column":0},"end":{"line":2,"column":43}},"2":{"start":{"line":3,"column":0},"end":{"line":3,"column":66}},"3":{"start":{"line":6,"column":0},"end":{"line":17,"column":null}},"4":{"start":{"line":8,"column":4},"end":{"line":8,"column":29}},"5":{"start":{"line":12,"column":4},"end":{"line":15,"column":16}},"6":{"start":{"line":6,"column":13},"end":{"line":17,"column":null}},"7":{"start":{"line":6,"column":13},"end":{"line":6,"column":31}}},"fnMap":{"0":{"name":"(anonymous_1)","decl":{"start":{"line":7,"column":2},"end":{"line":7,"column":7}},"loc":{"start":{"line":7,"column":21},"end":{"line":9,"column":3}}},"1":{"name":"(anonymous_2)","decl":{"start":{"line":11,"column":2},"end":{"line":11,"column":7}},"loc":{"start":{"line":11,"column":38},"end":{"line":16,"column":3}}}},"branchMap":{},"s":{"0":0,"1":0,"2":0,"3":0,"4":0,"5":0,"6":0,"7":0},"f":{"0":0,"1":0},"b":{}}
,"/Users/yujihun/Documents/sideproject/lessonmoa/src/repositories/lesson.repository.ts": {"path":"/Users/yujihun/Documents/sideproject/lessonmoa/src/repositories/lesson.repository.ts","statementMap":{"0":{"start":{"line":1,"column":0},"end":{"line":1,"column":52}},"1":{"start":{"line":8,"column":0},"end":{"line":8,"column":68}},"2":{"start":{"line":9,"column":0},"end":{"line":9,"column":43}},"3":{"start":{"line":10,"column":0},"end":{"line":10,"column":66}},"4":{"start":{"line":13,"column":0},"end":{"line":134,"column":null}},"5":{"start":{"line":15,"column":31},"end":{"line":15,"column":44}},"6":{"start":{"line":17,"column":4},"end":{"line":21,"column":17}},"7":{"start":{"line":25,"column":46},"end":{"line":25,"column":59}},"8":{"start":{"line":27,"column":4},"end":{"line":33,"column":17}},"9":{"start":{"line":43,"column":6},"end":{"line":43,"column":21}},"10":{"start":{"line":45,"column":4},"end":{"line":60,"column":17}},"11":{"start":{"line":64,"column":4},"end":{"line":69,"column":16}},"12":{"start":{"line":79,"column":6},"end":{"line":79,"column":21}},"13":{"start":{"line":81,"column":4},"end":{"line":95,"column":17}},"14":{"start":{"line":99,"column":4},"end":{"line":116,"column":null}},"15":{"start":{"line":101,"column":8},"end":{"line":106,"column":21}},"16":{"start":{"line":103,"column":41},"end":{"line":103,"column":65}},"17":{"start":{"line":109,"column":8},"end":{"line":115,"column":21}},"18":{"start":{"line":111,"column":41},"end":{"line":111,"column":65}},"19":{"start":{"line":120,"column":4},"end":{"line":124,"column":17}},"20":{"start":{"line":128,"column":4},"end":{"line":132,"column":17}},"21":{"start":{"line":13,"column":13},"end":{"line":134,"column":null}},"22":{"start":{"line":13,"column":13},"end":{"line":13,"column":29}}},"fnMap":{"0":{"name":"(anonymous_1)","decl":{"start":{"line":14,"column":2},"end":{"line":14,"column":7}},"loc":{"start":{"line":14,"column":47},"end":{"line":22,"column":3}}},"1":{"name":"(anonymous_2)","decl":{"start":{"line":24,"column":2},"end":{"line":24,"column":7}},"loc":{"start":{"line":24,"column":62},"end":{"line":34,"column":3}}},"2":{"name":"(anonymous_3)","decl":{"start":{"line":36,"column":2},"end":{"line":36,"column":7}},"loc":{"start":{"line":40,"column":16},"end":{"line":61,"column":3}}},"3":{"name":"(anonymous_4)","decl":{"start":{"line":63,"column":2},"end":{"line":63,"column":7}},"loc":{"start":{"line":63,"column":34},"end":{"line":70,"column":3}}},"4":{"name":"(anonymous_5)","decl":{"start":{"line":72,"column":2},"end":{"line":72,"column":7}},"loc":{"start":{"line":76,"column":16},"end":{"line":96,"column":3}}},"5":{"name":"(anonymous_6)","decl":{"start":{"line":98,"column":2},"end":{"line":98,"column":7}},"loc":{"start":{"line":98,"column":61},"end":{"line":117,"column":3}}},"6":{"name":"(anonymous_7)","decl":{"start":{"line":103,"column":35},"end":{"line":103,"column":38}},"loc":{"start":{"line":103,"column":41},"end":{"line":103,"column":65}}},"7":{"name":"(anonymous_8)","decl":{"start":{"line":111,"column":35},"end":{"line":111,"column":38}},"loc":{"start":{"line":111,"column":41},"end":{"line":111,"column":65}}},"8":{"name":"(anonymous_9)","decl":{"start":{"line":119,"column":2},"end":{"line":119,"column":7}},"loc":{"start":{"line":119,"column":59},"end":{"line":125,"column":3}}},"9":{"name":"(anonymous_10)","decl":{"start":{"line":127,"column":2},"end":{"line":127,"column":7}},"loc":{"start":{"line":127,"column":36},"end":{"line":133,"column":3}}}},"branchMap":{"0":{"loc":{"start":{"line":99,"column":4},"end":{"line":116,"column":null}},"type":"switch","locations":[{"start":{"line":100,"column":6},"end":{"line":106,"column":21}},{"start":{"line":108,"column":6},"end":{"line":115,"column":21}}]}},"s":{"0":0,"1":0,"2":0,"3":0,"4":0,"5":0,"6":0,"7":0,"8":0,"9":0,"10":0,"11":0,"12":0,"13":0,"14":0,"15":0,"16":0,"17":0,"18":0,"19":0,"20":0,"21":0,"22":0},"f":{"0":0,"1":0,"2":0,"3":0,"4":0,"5":0,"6":0,"7":0,"8":0,"9":0},"b":{"0":[0,0]}}
,"/Users/yujihun/Documents/sideproject/lessonmoa/src/repositories/license.repository.ts": {"path":"/Users/yujihun/Documents/sideproject/lessonmoa/src/repositories/license.repository.ts","statementMap":{"0":{"start":{"line":2,"column":0},"end":{"line":2,"column":54}},"1":{"start":{"line":5,"column":0},"end":{"line":5,"column":43}},"2":{"start":{"line":6,"column":0},"end":{"line":6,"column":66}},"3":{"start":{"line":11,"column":0},"end":{"line":56,"column":null}},"4":{"start":{"line":13,"column":31},"end":{"line":13,"column":45}},"5":{"start":{"line":15,"column":4},"end":{"line":18,"column":17}},"6":{"start":{"line":26,"column":31},"end":{"line":26,"column":47}},"7":{"start":{"line":28,"column":4},"end":{"line":33,"column":17}},"8":{"start":{"line":37,"column":4},"end":{"line":37,"column":49}},"9":{"start":{"line":45,"column":31},"end":{"line":45,"column":47}},"10":{"start":{"line":46,"column":4},"end":{"line":46,"column":68}},"11":{"start":{"line":50,"column":4},"end":{"line":50,"column":48}},"12":{"start":{"line":54,"column":4},"end":{"line":54,"column":49}},"13":{"start":{"line":11,"column":13},"end":{"line":56,"column":null}},"14":{"start":{"line":11,"column":13},"end":{"line":11,"column":30}}},"fnMap":{"0":{"name":"(anonymous_1)","decl":{"start":{"line":12,"column":2},"end":{"line":12,"column":7}},"loc":{"start":{"line":12,"column":66},"end":{"line":19,"column":3}}},"1":{"name":"(anonymous_2)","decl":{"start":{"line":21,"column":2},"end":{"line":21,"column":7}},"loc":{"start":{"line":24,"column":22},"end":{"line":34,"column":3}}},"2":{"name":"(anonymous_3)","decl":{"start":{"line":36,"column":2},"end":{"line":36,"column":7}},"loc":{"start":{"line":36,"column":48},"end":{"line":38,"column":3}}},"3":{"name":"(anonymous_4)","decl":{"start":{"line":40,"column":2},"end":{"line":40,"column":7}},"loc":{"start":{"line":43,"column":14},"end":{"line":47,"column":3}}},"4":{"name":"(anonymous_5)","decl":{"start":{"line":49,"column":2},"end":{"line":49,"column":7}},"loc":{"start":{"line":49,"column":51},"end":{"line":51,"column":3}}},"5":{"name":"(anonymous_6)","decl":{"start":{"line":53,"column":2},"end":{"line":53,"column":7}},"loc":{"start":{"line":53,"column":36},"end":{"line":55,"column":3}}}},"branchMap":{},"s":{"0":0,"1":0,"2":0,"3":0,"4":0,"5":0,"6":0,"7":0,"8":0,"9":0,"10":0,"11":0,"12":0,"13":0,"14":0},"f":{"0":0,"1":0,"2":0,"3":0,"4":0,"5":0},"b":{}}
,"/Users/yujihun/Documents/sideproject/lessonmoa/src/repositories/location.repository.ts": {"path":"/Users/yujihun/Documents/sideproject/lessonmoa/src/repositories/location.repository.ts","statementMap":{"0":{"start":{"line":1,"column":0},"end":{"line":1,"column":56}},"1":{"start":{"line":3,"column":0},"end":{"line":3,"column":43}},"2":{"start":{"line":4,"column":0},"end":{"line":4,"column":66}},"3":{"start":{"line":7,"column":0},"end":{"line":33,"column":null}},"4":{"start":{"line":9,"column":31},"end":{"line":9,"column":46}},"5":{"start":{"line":11,"column":4},"end":{"line":22,"column":20}},"6":{"start":{"line":26,"column":4},"end":{"line":31,"column":16}},"7":{"start":{"line":7,"column":13},"end":{"line":33,"column":null}},"8":{"start":{"line":7,"column":13},"end":{"line":7,"column":31}}},"fnMap":{"0":{"name":"(anonymous_1)","decl":{"start":{"line":8,"column":2},"end":{"line":8,"column":7}},"loc":{"start":{"line":8,"column":53},"end":{"line":23,"column":3}}},"1":{"name":"(anonymous_2)","decl":{"start":{"line":25,"column":2},"end":{"line":25,"column":7}},"loc":{"start":{"line":25,"column":38},"end":{"line":32,"column":3}}}},"branchMap":{},"s":{"0":2,"1":2,"2":2,"3":2,"4":0,"5":0,"6":0,"7":2,"8":2},"f":{"0":0,"1":0},"b":{}}
,"/Users/yujihun/Documents/sideproject/lessonmoa/src/repositories/place.repository.ts": {"path":"/Users/yujihun/Documents/sideproject/lessonmoa/src/repositories/place.repository.ts","statementMap":{"0":{"start":{"line":2,"column":0},"end":{"line":2,"column":50}},"1":{"start":{"line":4,"column":0},"end":{"line":4,"column":43}},"2":{"start":{"line":5,"column":0},"end":{"line":5,"column":66}},"3":{"start":{"line":8,"column":0},"end":{"line":36,"column":null}},"4":{"start":{"line":10,"column":31},"end":{"line":10,"column":43}},"5":{"start":{"line":12,"column":4},"end":{"line":17,"column":17}},"6":{"start":{"line":21,"column":31},"end":{"line":21,"column":43}},"7":{"start":{"line":23,"column":4},"end":{"line":27,"column":17}},"8":{"start":{"line":31,"column":4},"end":{"line":34,"column":16}},"9":{"start":{"line":8,"column":13},"end":{"line":36,"column":null}},"10":{"start":{"line":8,"column":13},"end":{"line":8,"column":28}}},"fnMap":{"0":{"name":"(anonymous_1)","decl":{"start":{"line":9,"column":2},"end":{"line":9,"column":7}},"loc":{"start":{"line":9,"column":76},"end":{"line":18,"column":3}}},"1":{"name":"(anonymous_2)","decl":{"start":{"line":20,"column":2},"end":{"line":20,"column":7}},"loc":{"start":{"line":20,"column":44},"end":{"line":28,"column":3}}},"2":{"name":"(anonymous_3)","decl":{"start":{"line":30,"column":2},"end":{"line":30,"column":7}},"loc":{"start":{"line":30,"column":32},"end":{"line":35,"column":3}}}},"branchMap":{},"s":{"0":0,"1":0,"2":0,"3":0,"4":0,"5":0,"6":0,"7":0,"8":0,"9":0,"10":0},"f":{"0":0,"1":0,"2":0},"b":{}}
,"/Users/yujihun/Documents/sideproject/lessonmoa/src/repositories/sub_category.repository.ts": {"path":"/Users/yujihun/Documents/sideproject/lessonmoa/src/repositories/sub_category.repository.ts","statementMap":{"0":{"start":{"line":1,"column":0},"end":{"line":1,"column":63}},"1":{"start":{"line":2,"column":0},"end":{"line":2,"column":43}},"2":{"start":{"line":3,"column":0},"end":{"line":3,"column":66}},"3":{"start":{"line":6,"column":0},"end":{"line":19,"column":null}},"4":{"start":{"line":8,"column":4},"end":{"line":8,"column":67}},"5":{"start":{"line":12,"column":4},"end":{"line":17,"column":16}},"6":{"start":{"line":6,"column":13},"end":{"line":19,"column":null}},"7":{"start":{"line":6,"column":13},"end":{"line":6,"column":34}}},"fnMap":{"0":{"name":"(anonymous_1)","decl":{"start":{"line":7,"column":2},"end":{"line":7,"column":7}},"loc":{"start":{"line":7,"column":24},"end":{"line":9,"column":3}}},"1":{"name":"(anonymous_2)","decl":{"start":{"line":11,"column":2},"end":{"line":11,"column":7}},"loc":{"start":{"line":11,"column":44},"end":{"line":18,"column":3}}}},"branchMap":{},"s":{"0":0,"1":0,"2":0,"3":0,"4":0,"5":0,"6":0,"7":0},"f":{"0":0,"1":0},"b":{}}
,"/Users/yujihun/Documents/sideproject/lessonmoa/src/repositories/user.repository.ts": {"path":"/Users/yujihun/Documents/sideproject/lessonmoa/src/repositories/user.repository.ts","statementMap":{"0":{"start":{"line":1,"column":0},"end":{"line":1,"column":48}},"1":{"start":{"line":2,"column":0},"end":{"line":2,"column":43}},"2":{"start":{"line":3,"column":0},"end":{"line":3,"column":66}},"3":{"start":{"line":6,"column":0},"end":{"line":10,"column":null}},"4":{"start":{"line":8,"column":4},"end":{"line":8,"column":64}},"5":{"start":{"line":6,"column":13},"end":{"line":10,"column":null}},"6":{"start":{"line":6,"column":13},"end":{"line":6,"column":27}}},"fnMap":{"0":{"name":"(anonymous_1)","decl":{"start":{"line":7,"column":2},"end":{"line":7,"column":7}},"loc":{"start":{"line":7,"column":45},"end":{"line":9,"column":3}}}},"branchMap":{},"s":{"0":0,"1":0,"2":0,"3":0,"4":0,"5":0,"6":0},"f":{"0":0},"b":{}}
,"/Users/yujihun/Documents/sideproject/lessonmoa/src/repositories/user_lesson.repository.ts": {"path":"/Users/yujihun/Documents/sideproject/lessonmoa/src/repositories/user_lesson.repository.ts","statementMap":{"0":{"start":{"line":3,"column":0},"end":{"line":3,"column":61}},"1":{"start":{"line":4,"column":0},"end":{"line":4,"column":43}},"2":{"start":{"line":5,"column":0},"end":{"line":5,"column":66}},"3":{"start":{"line":8,"column":0},"end":{"line":29,"column":null}},"4":{"start":{"line":10,"column":4},"end":{"line":10,"column":80}},"5":{"start":{"line":14,"column":4},"end":{"line":19,"column":17}},"6":{"start":{"line":23,"column":4},"end":{"line":27,"column":17}},"7":{"start":{"line":8,"column":13},"end":{"line":29,"column":null}},"8":{"start":{"line":8,"column":13},"end":{"line":8,"column":33}}},"fnMap":{"0":{"name":"(anonymous_1)","decl":{"start":{"line":9,"column":2},"end":{"line":9,"column":7}},"loc":{"start":{"line":9,"column":44},"end":{"line":11,"column":3}}},"1":{"name":"(anonymous_2)","decl":{"start":{"line":13,"column":2},"end":{"line":13,"column":7}},"loc":{"start":{"line":13,"column":46},"end":{"line":20,"column":3}}},"2":{"name":"(anonymous_3)","decl":{"start":{"line":22,"column":2},"end":{"line":22,"column":7}},"loc":{"start":{"line":22,"column":51},"end":{"line":28,"column":3}}}},"branchMap":{},"s":{"0":0,"1":0,"2":0,"3":0,"4":0,"5":0,"6":0,"7":0,"8":0},"f":{"0":0,"1":0,"2":0},"b":{}}
,"/Users/yujihun/Documents/sideproject/lessonmoa/src/sub_category/sub_category.controller.ts": {"path":"/Users/yujihun/Documents/sideproject/lessonmoa/src/sub_category/sub_category.controller.ts","statementMap":{"0":{"start":{"line":1,"column":0},"end":{"line":1,"column":78}},"1":{"start":{"line":2,"column":0},"end":{"line":2,"column":56}},"2":{"start":{"line":3,"column":0},"end":{"line":3,"column":60}},"3":{"start":{"line":7,"column":0},"end":{"line":23,"column":null}},"4":{"start":{"line":8,"column":31},"end":{"line":8,"column":40}},"5":{"start":{"line":14,"column":4},"end":{"line":14,"column":43}},"6":{"start":{"line":21,"column":4},"end":{"line":21,"column":54}},"7":{"start":{"line":13,"column":2},"end":{"line":15,"column":null}},"8":{"start":{"line":20,"column":2},"end":{"line":22,"column":null}},"9":{"start":{"line":7,"column":13},"end":{"line":23,"column":null}},"10":{"start":{"line":7,"column":13},"end":{"line":7,"column":34}}},"fnMap":{"0":{"name":"(anonymous_4)","decl":{"start":{"line":8,"column":2},"end":{"line":8,"column":31}},"loc":{"start":{"line":8,"column":58},"end":{"line":8,"column":62}}},"1":{"name":"(anonymous_5)","decl":{"start":{"line":13,"column":2},"end":{"line":13,"column":18}},"loc":{"start":{"line":13,"column":18},"end":{"line":15,"column":3}}},"2":{"name":"(anonymous_6)","decl":{"start":{"line":20,"column":2},"end":{"line":20,"column":16}},"loc":{"start":{"line":20,"column":62},"end":{"line":22,"column":3}}}},"branchMap":{},"s":{"0":0,"1":0,"2":0,"3":0,"4":0,"5":0,"6":0,"7":0,"8":0,"9":0,"10":0},"f":{"0":0,"1":0,"2":0},"b":{}}
,"/Users/yujihun/Documents/sideproject/lessonmoa/src/sub_category/sub_category.module.ts": {"path":"/Users/yujihun/Documents/sideproject/lessonmoa/src/sub_category/sub_category.module.ts","statementMap":{"0":{"start":{"line":1,"column":0},"end":{"line":1,"column":40}},"1":{"start":{"line":2,"column":0},"end":{"line":2,"column":66}},"2":{"start":{"line":3,"column":0},"end":{"line":3,"column":60}},"3":{"start":{"line":9,"column":0},"end":{"line":9,"column":null}},"4":{"start":{"line":9,"column":13},"end":{"line":9,"column":null}},"5":{"start":{"line":9,"column":13},"end":{"line":9,"column":30}}},"fnMap":{},"branchMap":{},"s":{"0":0,"1":0,"2":0,"3":0,"4":0,"5":0},"f":{},"b":{}}
,"/Users/yujihun/Documents/sideproject/lessonmoa/src/sub_category/sub_category.service.ts": {"path":"/Users/yujihun/Documents/sideproject/lessonmoa/src/sub_category/sub_category.service.ts","statementMap":{"0":{"start":{"line":1,"column":0},"end":{"line":1,"column":71}},"1":{"start":{"line":2,"column":0},"end":{"line":2,"column":81}},"2":{"start":{"line":3,"column":0},"end":{"line":3,"column":37}},"3":{"start":{"line":12,"column":0},"end":{"line":38,"column":null}},"4":{"start":{"line":15,"column":31},"end":{"line":15,"column":43}},"5":{"start":{"line":18,"column":4},"end":{"line":20,"column":6}},"6":{"start":{"line":22,"column":26},"end":{"line":22,"column":77}},"7":{"start":{"line":24,"column":4},"end":{"line":24,"column":25}},"8":{"start":{"line":28,"column":4},"end":{"line":30,"column":6}},"9":{"start":{"line":32,"column":24},"end":{"line":33,"column":null}},"10":{"start":{"line":36,"column":4},"end":{"line":36,"column":23}},"11":{"start":{"line":12,"column":13},"end":{"line":38,"column":null}},"12":{"start":{"line":12,"column":13},"end":{"line":12,"column":31}}},"fnMap":{"0":{"name":"(anonymous_2)","decl":{"start":{"line":15,"column":2},"end":{"line":15,"column":31}},"loc":{"start":{"line":15,"column":53},"end":{"line":15,"column":57}}},"1":{"name":"(anonymous_3)","decl":{"start":{"line":17,"column":2},"end":{"line":17,"column":7}},"loc":{"start":{"line":17,"column":24},"end":{"line":25,"column":3}}},"2":{"name":"(anonymous_4)","decl":{"start":{"line":27,"column":2},"end":{"line":27,"column":7}},"loc":{"start":{"line":27,"column":44},"end":{"line":37,"column":3}}}},"branchMap":{},"s":{"0":0,"1":0,"2":0,"3":0,"4":0,"5":0,"6":0,"7":0,"8":0,"9":0,"10":0,"11":0,"12":0},"f":{"0":0,"1":0,"2":0},"b":{}}
}
