TN:
SF:src/app.controller.ts
FN:6,(anonymous_2)
FN:9,(anonymous_3)
FNF:2
FNH:0
FNDA:0,(anonymous_2)
FNDA:0,(anonymous_3)
DA:1,0
DA:2,0
DA:5,0
DA:6,0
DA:9,0
DA:10,0
LF:6
LH:0
BRF:0
BRH:0
end_of_record
TN:
SF:src/app.module.ts
FNF:0
FNH:0
DA:1,0
DA:2,0
DA:3,0
DA:4,0
DA:5,0
DA:6,0
DA:7,0
DA:8,0
DA:9,0
DA:10,0
DA:11,0
DA:12,0
DA:13,0
DA:53,0
LF:14
LH:0
BRF:0
BRH:0
end_of_record
TN:
SF:src/app.service.ts
FN:5,(anonymous_1)
FNF:1
FNH:0
FNDA:0,(anonymous_1)
DA:1,0
DA:4,0
DA:6,0
LF:3
LH:0
BRF:0
BRH:0
end_of_record
TN:
SF:src/main.ts
FN:14,bootstrap
FNF:1
FNH:0
FNDA:0,bootstrap
DA:1,0
DA:2,0
DA:3,0
DA:8,0
DA:12,0
DA:15,0
DA:16,0
DA:17,0
DA:18,0
DA:20,0
DA:36,0
DA:42,0
DA:43,0
DA:45,0
DA:47,0
LF:15
LH:0
BRF:0
BRH:0
end_of_record
TN:
SF:src/auth/auth.controller.ts
FN:26,(anonymous_4)
FN:28,(anonymous_5)
FN:40,(anonymous_6)
FN:57,(anonymous_7)
FN:64,(anonymous_8)
FN:88,(anonymous_9)
FN:98,(anonymous_10)
FNF:7
FNH:2
FNDA:1,(anonymous_4)
FNDA:0,(anonymous_5)
FNDA:0,(anonymous_6)
FNDA:1,(anonymous_7)
FNDA:0,(anonymous_8)
FNDA:0,(anonymous_9)
FNDA:0,(anonymous_10)
DA:1,1
DA:11,1
DA:13,1
DA:14,1
DA:15,1
DA:16,1
DA:17,1
DA:18,1
DA:20,1
DA:21,1
DA:25,1
DA:26,1
DA:33,0
DA:37,0
DA:45,0
DA:50,0
DA:57,1
DA:58,1
DA:64,1
DA:68,0
DA:70,0
DA:75,0
DA:81,0
DA:88,1
DA:89,0
DA:90,0
DA:91,0
DA:98,1
DA:99,0
DA:101,0
DA:102,0
DA:103,0
LF:32
LH:17
BRF:0
BRH:0
end_of_record
TN:
SF:src/auth/auth.module.ts
FNF:0
FNH:0
DA:1,0
DA:2,0
DA:3,0
DA:9,0
LF:4
LH:0
BRF:0
BRH:0
end_of_record
TN:
SF:src/auth/auth.service.ts
FN:17,(anonymous_2)
FN:19,(anonymous_3)
FN:27,(anonymous_4)
FN:36,(anonymous_5)
FN:74,(anonymous_6)
FN:110,(anonymous_7)
FNF:6
FNH:1
FNDA:2,(anonymous_2)
FNDA:0,(anonymous_3)
FNDA:0,(anonymous_4)
FNDA:0,(anonymous_5)
FNDA:0,(anonymous_6)
FNDA:0,(anonymous_7)
DA:1,2
DA:2,2
DA:3,2
DA:4,2
DA:5,2
DA:7,2
DA:8,2
DA:9,2
DA:10,2
DA:11,2
DA:14,2
DA:17,2
DA:20,0
DA:28,0
DA:36,2
DA:37,0
DA:38,0
DA:39,0
DA:42,0
DA:43,0
DA:45,0
DA:47,0
DA:49,0
DA:51,0
DA:52,0
DA:59,0
DA:60,0
DA:70,0
DA:75,0
DA:76,0
DA:78,0
DA:82,0
DA:83,0
DA:92,0
DA:94,0
DA:95,0
DA:103,0
DA:104,0
DA:106,0
DA:110,2
DA:111,0
DA:112,0
DA:113,0
LF:43
LH:14
BRDA:49,0,0,0
BRDA:51,1,0,0
BRDA:51,1,1,0
BRDA:59,2,0,0
BRDA:82,3,0,0
BRDA:94,4,0,0
BRF:6
BRH:0
end_of_record
TN:
SF:src/auth/dtos/signin.dto.ts
FNF:0
FNH:0
DA:1,1
DA:2,1
DA:4,1
LF:3
LH:3
BRF:0
BRH:0
end_of_record
TN:
SF:src/auth/dtos/signin.pipe.ts
FN:16,(anonymous_1)
FNF:1
FNH:0
FNDA:0,(anonymous_1)
DA:1,1
DA:9,1
DA:10,1
DA:11,1
DA:12,1
DA:15,1
DA:17,0
DA:22,0
DA:24,0
DA:25,0
DA:34,0
LF:11
LH:6
BRDA:24,0,0,0
BRF:1
BRH:0
end_of_record
TN:
SF:src/auth/dtos/signup.dto.ts
FNF:0
FNH:0
DA:1,2
DA:2,2
DA:4,2
DA:6,2
LF:4
LH:4
BRF:0
BRH:0
end_of_record
TN:
SF:src/auth/dtos/signup.pipe.ts
FN:16,(anonymous_1)
FNF:1
FNH:0
FNDA:0,(anonymous_1)
DA:1,1
DA:9,1
DA:10,1
DA:11,1
DA:12,1
DA:15,1
DA:17,0
DA:24,0
DA:26,0
DA:27,0
DA:36,0
LF:11
LH:6
BRDA:26,0,0,0
BRF:1
BRH:0
end_of_record
TN:
SF:src/category/category.controller.ts
FN:16,(anonymous_4)
FN:21,(anonymous_5)
FN:28,(anonymous_6)
FNF:3
FNH:0
FNDA:0,(anonymous_4)
FNDA:0,(anonymous_5)
FNDA:0,(anonymous_6)
DA:1,0
DA:10,0
DA:11,0
DA:15,0
DA:16,0
DA:21,0
DA:22,0
DA:28,0
DA:29,0
LF:9
LH:0
BRF:0
BRH:0
end_of_record
TN:
SF:src/category/category.module.ts
FNF:0
FNH:0
DA:1,0
DA:2,0
DA:3,0
DA:9,0
LF:4
LH:0
BRF:0
BRH:0
end_of_record
TN:
SF:src/category/category.service.ts
FN:10,(anonymous_2)
FN:12,(anonymous_3)
FN:21,(anonymous_4)
FNF:3
FNH:0
FNDA:0,(anonymous_2)
FNDA:0,(anonymous_3)
FNDA:0,(anonymous_4)
DA:1,0
DA:2,0
DA:3,0
DA:5,0
DA:8,0
DA:10,0
DA:13,0
DA:16,0
DA:18,0
DA:22,0
DA:25,0
DA:27,0
DA:28,0
DA:36,0
LF:14
LH:0
BRDA:27,0,0,0
BRF:1
BRH:0
end_of_record
TN:
SF:src/constants/http-error.ts
FNF:0
FNH:0
DA:1,2
LF:1
LH:1
BRF:0
BRH:0
end_of_record
TN:
SF:src/constants/postgres-error.ts
FNF:0
FNH:0
DA:1,2
LF:1
LH:1
BRF:0
BRH:0
end_of_record
TN:
SF:src/constants/regex.ts
FNF:0
FNH:0
DA:1,1
DA:2,1
DA:3,1
DA:4,1
DA:6,1
DA:8,1
DA:9,1
DA:11,1
DA:14,1
DA:16,1
DA:17,1
DA:18,1
DA:19,1
LF:13
LH:13
BRF:0
BRH:0
end_of_record
TN:
SF:src/constants/schema.ts
FN:11,(anonymous_0)
FN:13,(anonymous_1)
FN:21,(anonymous_2)
FN:29,(anonymous_3)
FN:30,(anonymous_4)
FN:32,(anonymous_5)
FN:34,(anonymous_6)
FN:41,(anonymous_7)
FN:44,(anonymous_8)
FN:46,(anonymous_9)
FN:48,(anonymous_10)
FN:50,(anonymous_11)
FN:53,(anonymous_12)
FN:55,(anonymous_13)
FN:58,(anonymous_14)
FN:72,(anonymous_15)
FN:78,(anonymous_16)
FN:85,(anonymous_17)
FN:93,(anonymous_18)
FN:100,(anonymous_19)
FN:102,(anonymous_20)
FN:105,(anonymous_21)
FN:107,(anonymous_22)
FN:110,(anonymous_23)
FN:116,(anonymous_24)
FN:118,(anonymous_25)
FN:121,(anonymous_26)
FN:128,(anonymous_27)
FN:136,(anonymous_28)
FN:143,(anonymous_29)
FN:150,(anonymous_30)
FN:158,(anonymous_31)
FN:166,(anonymous_32)
FN:168,(anonymous_33)
FN:170,(anonymous_34)
FN:173,(anonymous_35)
FN:188,(anonymous_36)
FN:189,(anonymous_37)
FNF:38
FNH:0
FNDA:0,(anonymous_0)
FNDA:0,(anonymous_1)
FNDA:0,(anonymous_2)
FNDA:0,(anonymous_3)
FNDA:0,(anonymous_4)
FNDA:0,(anonymous_5)
FNDA:0,(anonymous_6)
FNDA:0,(anonymous_7)
FNDA:0,(anonymous_8)
FNDA:0,(anonymous_9)
FNDA:0,(anonymous_10)
FNDA:0,(anonymous_11)
FNDA:0,(anonymous_12)
FNDA:0,(anonymous_13)
FNDA:0,(anonymous_14)
FNDA:0,(anonymous_15)
FNDA:0,(anonymous_16)
FNDA:0,(anonymous_17)
FNDA:0,(anonymous_18)
FNDA:0,(anonymous_19)
FNDA:0,(anonymous_20)
FNDA:0,(anonymous_21)
FNDA:0,(anonymous_22)
FNDA:0,(anonymous_23)
FNDA:0,(anonymous_24)
FNDA:0,(anonymous_25)
FNDA:0,(anonymous_26)
FNDA:0,(anonymous_27)
FNDA:0,(anonymous_28)
FNDA:0,(anonymous_29)
FNDA:0,(anonymous_30)
FNDA:0,(anonymous_31)
FNDA:0,(anonymous_32)
FNDA:0,(anonymous_33)
FNDA:0,(anonymous_34)
FNDA:0,(anonymous_35)
FNDA:0,(anonymous_36)
FNDA:0,(anonymous_37)
DA:1,1
DA:2,1
DA:8,1
DA:10,1
DA:11,0
DA:14,0
DA:22,0
DA:29,0
DA:30,0
DA:33,0
DA:35,0
DA:42,0
DA:45,0
DA:47,0
DA:49,0
DA:51,0
DA:54,0
DA:56,0
DA:59,0
DA:73,0
DA:79,0
DA:86,0
DA:94,0
DA:100,0
DA:103,0
DA:106,0
DA:108,0
DA:111,0
DA:117,0
DA:119,0
DA:122,0
DA:129,0
DA:137,0
DA:144,0
DA:151,0
DA:159,0
DA:167,0
DA:169,0
DA:171,0
DA:174,0
DA:188,0
DA:190,0
LF:42
LH:4
BRDA:191,0,0,0
BRDA:191,0,1,0
BRF:2
BRH:0
end_of_record
TN:
SF:src/entities/category.entity.ts
FN:25,(anonymous_2)
FN:25,(anonymous_3)
FNF:2
FNH:0
FNDA:0,(anonymous_2)
FNDA:0,(anonymous_3)
DA:1,2
DA:2,2
DA:10,2
DA:13,2
DA:16,2
DA:20,2
DA:23,2
DA:25,0
DA:26,2
DA:29,2
LF:10
LH:9
BRF:0
BRH:0
end_of_record
TN:
SF:src/entities/lesson.entity.ts
FN:84,(anonymous_2)
FN:84,(anonymous_3)
FN:88,(anonymous_4)
FN:88,(anonymous_5)
FN:92,(anonymous_6)
FN:92,(anonymous_7)
FN:96,(anonymous_8)
FN:96,(anonymous_9)
FNF:8
FNH:0
FNDA:0,(anonymous_2)
FNDA:0,(anonymous_3)
FNDA:0,(anonymous_4)
FNDA:0,(anonymous_5)
FNDA:0,(anonymous_6)
FNDA:0,(anonymous_7)
FNDA:0,(anonymous_8)
FNDA:0,(anonymous_9)
DA:1,2
DA:2,2
DA:13,2
DA:14,2
DA:15,2
DA:16,2
DA:20,2
DA:23,2
DA:31,2
DA:39,2
DA:43,2
DA:47,2
DA:55,2
DA:59,2
DA:63,2
DA:71,2
DA:79,2
DA:82,2
DA:84,0
DA:86,2
DA:88,0
DA:90,2
DA:92,0
DA:94,2
DA:96,0
DA:97,2
DA:100,2
LF:27
LH:23
BRF:0
BRH:0
end_of_record
TN:
SF:src/entities/license.entity.ts
FN:42,(anonymous_2)
FN:42,(anonymous_3)
FN:46,(anonymous_4)
FNF:3
FNH:0
FNDA:0,(anonymous_2)
FNDA:0,(anonymous_3)
FNDA:0,(anonymous_4)
DA:1,2
DA:2,2
DA:13,2
DA:14,2
DA:18,2
DA:21,2
DA:29,2
DA:33,2
DA:37,2
DA:40,2
DA:42,0
DA:44,2
DA:46,0
DA:48,2
DA:51,2
LF:15
LH:13
BRF:0
BRH:0
end_of_record
TN:
SF:src/entities/location.entity.ts
FN:22,(anonymous_2)
FN:22,(anonymous_3)
FN:25,(anonymous_4)
FN:25,(anonymous_5)
FNF:4
FNH:0
FNDA:0,(anonymous_2)
FNDA:0,(anonymous_3)
FNDA:0,(anonymous_4)
FNDA:0,(anonymous_5)
DA:1,2
DA:2,2
DA:9,2
DA:10,2
DA:13,2
DA:16,2
DA:20,2
DA:22,0
DA:23,2
DA:25,0
DA:26,2
LF:11
LH:9
BRF:0
BRH:0
end_of_record
TN:
SF:src/entities/place.entity.ts
FN:28,(anonymous_2)
FN:28,(anonymous_3)
FN:32,(anonymous_4)
FN:32,(anonymous_5)
FNF:4
FNH:0
FNDA:0,(anonymous_2)
FNDA:0,(anonymous_3)
FNDA:0,(anonymous_4)
FNDA:0,(anonymous_5)
DA:1,2
DA:2,2
DA:11,2
DA:12,2
DA:15,2
DA:18,2
DA:22,2
DA:26,2
DA:28,0
DA:30,2
DA:32,0
DA:33,2
LF:12
LH:10
BRF:0
BRH:0
end_of_record
TN:
SF:src/entities/sub_category.entity.ts
FN:31,(anonymous_2)
FN:31,(anonymous_3)
FN:35,(anonymous_4)
FN:35,(anonymous_5)
FNF:4
FNH:0
FNDA:0,(anonymous_2)
FNDA:0,(anonymous_3)
FNDA:0,(anonymous_4)
FNDA:0,(anonymous_5)
DA:1,2
DA:2,2
DA:13,2
DA:14,2
DA:18,2
DA:21,2
DA:25,2
DA:29,2
DA:31,0
DA:33,2
DA:35,0
DA:36,2
DA:39,2
LF:13
LH:11
BRF:0
BRH:0
end_of_record
TN:
SF:src/entities/user.entity.ts
FN:83,(anonymous_2)
FN:87,(anonymous_3)
FN:93,(anonymous_4)
FN:69,(anonymous_5)
FN:69,(anonymous_6)
FN:72,(anonymous_7)
FN:72,(anonymous_8)
FN:75,(anonymous_9)
FN:75,(anonymous_10)
FN:78,(anonymous_11)
FN:78,(anonymous_12)
FNF:11
FNH:0
FNDA:0,(anonymous_2)
FNDA:0,(anonymous_3)
FNDA:0,(anonymous_4)
FNDA:0,(anonymous_5)
FNDA:0,(anonymous_6)
FNDA:0,(anonymous_7)
FNDA:0,(anonymous_8)
FNDA:0,(anonymous_9)
FNDA:0,(anonymous_10)
FNDA:0,(anonymous_11)
FNDA:0,(anonymous_12)
DA:1,2
DA:2,2
DA:14,2
DA:15,2
DA:16,2
DA:17,2
DA:18,2
DA:19,2
DA:24,2
DA:27,2
DA:36,2
DA:46,2
DA:55,2
DA:59,2
DA:63,2
DA:67,2
DA:69,0
DA:70,2
DA:72,0
DA:73,2
DA:75,0
DA:76,2
DA:78,0
DA:80,2
DA:83,2
DA:84,0
DA:88,0
DA:90,0
DA:94,0
DA:98,2
LF:30
LH:22
BRF:0
BRH:0
end_of_record
TN:
SF:src/entities/user_lesson.entity.ts
FN:18,(anonymous_2)
FN:18,(anonymous_3)
FN:22,(anonymous_4)
FN:22,(anonymous_5)
FNF:4
FNH:0
FNDA:0,(anonymous_2)
FNDA:0,(anonymous_3)
FNDA:0,(anonymous_4)
FNDA:0,(anonymous_5)
DA:1,2
DA:2,2
DA:9,2
DA:10,2
DA:13,2
DA:16,2
DA:18,0
DA:20,2
DA:22,0
DA:24,2
LF:10
LH:8
BRF:0
BRH:0
end_of_record
TN:
SF:src/functions/all-exceptionfilter.ts
FN:20,(anonymous_1)
FN:23,(anonymous_2)
FNF:2
FNH:0
FNDA:0,(anonymous_1)
FNDA:0,(anonymous_2)
DA:1,0
DA:10,0
DA:20,0
DA:21,0
DA:26,0
DA:28,0
DA:29,0
DA:35,0
DA:36,0
DA:37,0
DA:44,0
DA:46,0
DA:52,0
DA:55,0
DA:56,0
DA:57,0
DA:59,0
DA:66,0
LF:18
LH:0
BRDA:28,0,0,0
BRDA:28,0,1,0
BRDA:36,1,0,0
BRDA:36,1,1,0
BRF:4
BRH:0
end_of_record
TN:
SF:src/functions/business-exception-filter.ts
FN:9,(anonymous_0)
FN:20,(anonymous_1)
FN:23,(anonymous_2)
FNF:3
FNH:0
FNDA:0,(anonymous_0)
FNDA:0,(anonymous_1)
FNDA:0,(anonymous_2)
DA:5,0
DA:10,0
DA:11,0
DA:12,0
DA:13,0
DA:15,0
DA:16,0
DA:17,0
DA:21,0
DA:22,0
DA:23,0
LF:11
LH:0
BRDA:20,0,0,0
BRF:1
BRH:0
end_of_record
TN:
SF:src/functions/validation.ts
FN:1,(anonymous_0)
FN:5,(anonymous_1)
FN:9,(anonymous_2)
FN:10,(anonymous_3)
FN:13,(anonymous_4)
FN:14,(anonymous_5)
FNF:6
FNH:0
FNDA:0,(anonymous_0)
FNDA:0,(anonymous_1)
FNDA:0,(anonymous_2)
FNDA:0,(anonymous_3)
FNDA:0,(anonymous_4)
FNDA:0,(anonymous_5)
DA:1,1
DA:2,0
DA:5,1
DA:6,0
DA:9,1
DA:10,0
DA:13,1
DA:14,0
LF:8
LH:4
BRF:0
BRH:0
end_of_record
TN:
SF:src/guards/auth.guard.ts
FN:24,(anonymous_2)
FN:26,(anonymous_3)
FNF:2
FNH:1
FNDA:1,(anonymous_2)
FNDA:0,(anonymous_3)
DA:1,1
DA:8,1
DA:9,1
DA:11,1
DA:12,1
DA:22,1
DA:24,1
DA:27,0
DA:29,0
DA:31,0
DA:32,0
DA:41,0
DA:42,0
DA:44,0
DA:46,0
DA:48,0
DA:50,0
DA:52,0
DA:54,0
DA:55,0
DA:63,0
DA:64,0
DA:66,0
LF:23
LH:7
BRDA:29,0,0,0
BRDA:29,0,1,0
BRDA:29,1,0,0
BRDA:29,1,1,0
BRDA:31,2,0,0
BRDA:54,3,0,0
BRDA:63,4,0,0
BRF:7
BRH:0
end_of_record
TN:
SF:src/lesson/lesson.controller.ts
FN:27,(anonymous_4)
FN:32,(anonymous_5)
FN:40,(anonymous_6)
FN:50,(anonymous_7)
FN:58,(anonymous_8)
FN:69,(anonymous_9)
FN:77,(anonymous_10)
FNF:7
FNH:0
FNDA:0,(anonymous_4)
FNDA:0,(anonymous_5)
FNDA:0,(anonymous_6)
FNDA:0,(anonymous_7)
FNDA:0,(anonymous_8)
FNDA:0,(anonymous_9)
FNDA:0,(anonymous_10)
DA:1,0
DA:14,0
DA:15,0
DA:16,0
DA:17,0
DA:18,0
DA:19,0
DA:20,0
DA:21,0
DA:22,0
DA:26,0
DA:27,0
DA:32,0
DA:33,0
DA:40,0
DA:44,0
DA:50,0
DA:51,0
DA:58,0
DA:62,0
DA:69,0
DA:70,0
DA:77,0
DA:78,0
LF:24
LH:0
BRF:0
BRH:0
end_of_record
TN:
SF:src/lesson/lesson.module.ts
FNF:0
FNH:0
DA:1,0
DA:2,0
DA:3,0
DA:9,0
LF:4
LH:0
BRF:0
BRH:0
end_of_record
TN:
SF:src/lesson/lesson.service.ts
FN:37,(anonymous_2)
FN:39,(anonymous_3)
FN:55,(anonymous_4)
FN:74,(anonymous_5)
FN:93,(anonymous_6)
FN:131,(anonymous_7)
FN:151,(anonymous_8)
FN:205,(anonymous_9)
FN:256,(anonymous_10)
FN:295,(anonymous_11)
FNF:10
FNH:0
FNDA:0,(anonymous_2)
FNDA:0,(anonymous_3)
FNDA:0,(anonymous_4)
FNDA:0,(anonymous_5)
FNDA:0,(anonymous_6)
FNDA:0,(anonymous_7)
FNDA:0,(anonymous_8)
FNDA:0,(anonymous_9)
FNDA:0,(anonymous_10)
FNDA:0,(anonymous_11)
DA:1,0
DA:2,0
DA:4,0
DA:5,0
DA:6,0
DA:7,0
DA:8,0
DA:9,0
DA:10,0
DA:11,0
DA:12,0
DA:13,0
DA:14,0
DA:16,0
DA:18,0
DA:24,0
DA:30,0
DA:37,0
DA:40,0
DA:42,0
DA:43,0
DA:52,0
DA:56,0
DA:61,0
DA:62,0
DA:71,0
DA:75,0
DA:77,0
DA:81,0
DA:82,0
DA:84,0
DA:89,0
DA:93,0
DA:94,0
DA:96,0
DA:99,0
DA:101,0
DA:102,0
DA:111,0
DA:113,0
DA:117,0
DA:119,0
DA:126,0
DA:128,0
DA:132,0
DA:135,0
DA:137,0
DA:138,0
DA:147,0
DA:151,0
DA:152,0
DA:154,0
DA:157,0
DA:159,0
DA:161,0
DA:165,0
DA:167,0
DA:168,0
DA:175,0
DA:176,0
DA:185,0
DA:187,0
DA:189,0
DA:191,0
DA:192,0
DA:205,0
DA:206,0
DA:208,0
DA:210,0
DA:212,0
DA:214,0
DA:216,0
DA:224,0
DA:234,0
DA:236,0
DA:238,0
DA:243,0
DA:245,0
DA:246,0
DA:252,0
DA:256,0
DA:257,0
DA:259,0
DA:262,0
DA:264,0
DA:269,0
DA:270,0
DA:279,0
DA:281,0
DA:286,0
DA:291,0
DA:295,0
DA:296,0
DA:299,0
LF:94
LH:0
BRDA:42,0,0,0
BRDA:61,1,0,0
BRDA:81,2,0,0
BRDA:81,2,1,0
BRDA:101,3,0,0
BRDA:137,4,0,0
BRDA:175,5,0,0
BRDA:189,6,0,0
BRDA:191,7,0,0
BRDA:214,8,0,0
BRDA:214,8,1,0
BRDA:245,9,0,0
BRDA:269,10,0,0
BRF:13
BRH:0
end_of_record
TN:
SF:src/lesson/dtos/create_lesson.dto.ts
FNF:0
FNH:0
DA:1,0
DA:2,0
DA:4,0
DA:6,0
DA:9,0
LF:5
LH:0
BRF:0
BRH:0
end_of_record
TN:
SF:src/lesson/dtos/create_lesson.pipe.ts
FN:15,(anonymous_1)
FNF:1
FNH:0
FNDA:0,(anonymous_1)
DA:1,0
DA:9,0
DA:10,0
DA:11,0
DA:14,0
DA:16,0
DA:27,0
DA:29,0
DA:30,0
DA:39,0
LF:10
LH:0
BRDA:29,0,0,0
BRF:1
BRH:0
end_of_record
TN:
SF:src/lesson/dtos/get_lessons.dto.ts
FNF:0
FNH:0
DA:1,0
DA:3,0
DA:5,0
DA:8,0
DA:11,0
LF:5
LH:0
BRF:0
BRH:0
end_of_record
TN:
SF:src/lesson/dtos/get_lessons.pipe.ts
FN:15,(anonymous_1)
FNF:1
FNH:0
FNDA:0,(anonymous_1)
DA:1,0
DA:9,0
DA:10,0
DA:11,0
DA:14,0
DA:16,0
DA:22,0
DA:24,0
DA:25,0
DA:34,0
LF:10
LH:0
BRDA:24,0,0,0
BRF:1
BRH:0
end_of_record
TN:
SF:src/lesson/dtos/update_lesson.dto.ts
FNF:0
FNH:0
DA:1,0
DA:2,0
DA:4,0
DA:6,0
DA:9,0
LF:5
LH:0
BRF:0
BRH:0
end_of_record
TN:
SF:src/lesson/dtos/update_lesson.pipe.ts
FN:15,(anonymous_1)
FNF:1
FNH:0
FNDA:0,(anonymous_1)
DA:1,0
DA:9,0
DA:10,0
DA:11,0
DA:14,0
DA:16,0
DA:27,0
DA:29,0
DA:30,0
DA:39,0
LF:10
LH:0
BRDA:29,0,0,0
BRF:1
BRH:0
end_of_record
TN:
SF:src/license/license.controller.ts
FN:27,(anonymous_4)
FN:33,(anonymous_5)
FN:44,(anonymous_6)
FN:55,(anonymous_7)
FN:63,(anonymous_8)
FN:75,(anonymous_9)
FNF:6
FNH:0
FNDA:0,(anonymous_4)
FNDA:0,(anonymous_5)
FNDA:0,(anonymous_6)
FNDA:0,(anonymous_7)
FNDA:0,(anonymous_8)
FNDA:0,(anonymous_9)
DA:1,0
DA:14,0
DA:15,0
DA:16,0
DA:17,0
DA:18,0
DA:19,0
DA:20,0
DA:21,0
DA:22,0
DA:26,0
DA:27,0
DA:33,0
DA:37,0
DA:44,0
DA:48,0
DA:55,0
DA:56,0
DA:63,0
DA:68,0
DA:75,0
DA:76,0
LF:22
LH:0
BRF:0
BRH:0
end_of_record
TN:
SF:src/license/license.module.ts
FNF:0
FNH:0
DA:1,0
DA:2,0
DA:3,0
DA:9,0
LF:4
LH:0
BRF:0
BRH:0
end_of_record
TN:
SF:src/license/license.service.ts
FN:19,(anonymous_2)
FN:21,(anonymous_3)
FN:34,(anonymous_4)
FN:69,(anonymous_5)
FN:89,(anonymous_6)
FN:107,(anonymous_7)
FNF:6
FNH:0
FNDA:0,(anonymous_2)
FNDA:0,(anonymous_3)
FNDA:0,(anonymous_4)
FNDA:0,(anonymous_5)
FNDA:0,(anonymous_6)
FNDA:0,(anonymous_7)
DA:1,0
DA:2,0
DA:3,0
DA:4,0
DA:5,0
DA:7,0
DA:8,0
DA:9,0
DA:10,0
DA:11,0
DA:12,0
DA:15,0
DA:19,0
DA:22,0
DA:25,0
DA:30,0
DA:34,0
DA:35,0
DA:38,0
DA:41,0
DA:42,0
DA:44,0
DA:45,0
DA:51,0
DA:52,0
DA:54,0
DA:56,0
DA:57,0
DA:70,0
DA:73,0
DA:75,0
DA:76,0
DA:85,0
DA:89,0
DA:94,0
DA:97,0
DA:103,0
DA:107,0
DA:108,0
DA:110,0
DA:112,0
DA:114,0
DA:116,0
DA:117,0
DA:118,0
DA:121,0
LF:46
LH:0
BRDA:54,0,0,0
BRDA:56,1,0,0
BRDA:75,2,0,0
BRDA:116,3,0,0
BRF:4
BRH:0
end_of_record
TN:
SF:src/license/dtos/createLicense.dto.ts
FNF:0
FNH:0
DA:1,0
DA:2,0
DA:4,0
DA:6,0
LF:4
LH:0
BRF:0
BRH:0
end_of_record
TN:
SF:src/license/dtos/createLicense.pipe.ts
FN:13,(anonymous_0)
FNF:1
FNH:0
FNDA:0,(anonymous_0)
DA:1,0
DA:8,0
DA:9,0
DA:10,0
DA:12,0
DA:14,0
DA:20,0
DA:22,0
DA:23,0
DA:32,0
LF:10
LH:0
BRDA:22,0,0,0
BRF:1
BRH:0
end_of_record
TN:
SF:src/license/dtos/getLicenses.pipe.ts
FN:12,(anonymous_0)
FNF:1
FNH:0
FNDA:0,(anonymous_0)
DA:1,0
DA:7,0
DA:8,0
DA:9,0
DA:11,0
DA:13,0
DA:18,0
DA:20,0
DA:21,0
DA:29,0
LF:10
LH:0
BRDA:20,0,0,0
BRF:1
BRH:0
end_of_record
TN:
SF:src/license/dtos/getLicensesDto.ts
FNF:0
FNH:0
DA:1,0
DA:3,0
DA:5,0
DA:8,0
LF:4
LH:0
BRF:0
BRH:0
end_of_record
TN:
SF:src/license/dtos/updateLicense.dto.ts
FNF:0
FNH:0
DA:1,0
DA:3,0
LF:2
LH:0
BRF:0
BRH:0
end_of_record
TN:
SF:src/license/dtos/updateLicense.pipe.ts
FN:13,(anonymous_0)
FNF:1
FNH:0
FNDA:0,(anonymous_0)
DA:1,0
DA:8,0
DA:9,0
DA:10,0
DA:12,0
DA:14,0
DA:19,0
DA:21,0
DA:22,0
DA:31,0
LF:10
LH:0
BRDA:21,0,0,0
BRF:1
BRH:0
end_of_record
TN:
SF:src/location/location.controller.ts
FN:17,(anonymous_4)
FN:22,(anonymous_5)
FN:31,(anonymous_6)
FNF:3
FNH:0
FNDA:0,(anonymous_4)
FNDA:0,(anonymous_5)
FNDA:0,(anonymous_6)
DA:1,0
DA:9,0
DA:10,0
DA:11,0
DA:12,0
DA:16,0
DA:17,0
DA:22,0
DA:25,0
DA:31,0
DA:32,0
LF:11
LH:0
BRF:0
BRH:0
end_of_record
TN:
SF:src/location/location.module.ts
FNF:0
FNH:0
DA:1,0
DA:2,0
DA:3,0
DA:9,0
LF:4
LH:0
BRF:0
BRH:0
end_of_record
TN:
SF:src/location/location.service.ts
FN:10,(anonymous_2)
FN:12,(anonymous_3)
FN:21,(anonymous_4)
FNF:3
FNH:0
FNDA:0,(anonymous_2)
FNDA:0,(anonymous_3)
FNDA:0,(anonymous_4)
DA:1,0
DA:2,0
DA:3,0
DA:4,0
DA:8,0
DA:10,0
DA:13,0
DA:16,0
DA:18,0
DA:22,0
DA:25,0
DA:27,0
DA:28,0
DA:37,0
LF:14
LH:0
BRDA:27,0,0,0
BRF:1
BRH:0
end_of_record
TN:
SF:src/location/dtos/get_locations.dto.ts
FNF:0
FNH:0
DA:1,0
DA:3,0
DA:5,0
DA:8,0
LF:4
LH:0
BRF:0
BRH:0
end_of_record
TN:
SF:src/location/dtos/get_locations.pipe.ts
FN:14,(anonymous_1)
FNF:1
FNH:0
FNDA:0,(anonymous_1)
DA:1,0
DA:7,0
DA:8,0
DA:9,0
DA:13,0
DA:15,0
DA:20,0
DA:22,0
DA:23,0
DA:32,0
LF:10
LH:0
BRDA:22,0,0,0
BRF:1
BRH:0
end_of_record
TN:
SF:src/place/place.controller.ts
FN:10,(anonymous_4)
FN:15,(anonymous_5)
FNF:2
FNH:0
FNDA:0,(anonymous_4)
FNDA:0,(anonymous_5)
DA:1,0
DA:2,0
DA:3,0
DA:4,0
DA:5,0
DA:9,0
DA:10,0
DA:15,0
DA:16,0
LF:9
LH:0
BRF:0
BRH:0
end_of_record
TN:
SF:src/place/place.module.ts
FNF:0
FNH:0
DA:1,0
DA:2,0
DA:3,0
DA:9,0
LF:4
LH:0
BRF:0
BRH:0
end_of_record
TN:
SF:src/place/place.service.ts
FN:11,(anonymous_2)
FN:13,(anonymous_3)
FNF:2
FNH:0
FNDA:0,(anonymous_2)
FNDA:0,(anonymous_3)
DA:1,0
DA:2,0
DA:3,0
DA:5,0
DA:8,0
DA:11,0
DA:14,0
DA:15,0
DA:17,0
DA:20,0
DA:21,0
DA:22,0
DA:27,0
DA:30,0
LF:14
LH:0
BRDA:20,0,0,0
BRDA:20,0,1,0
BRF:2
BRH:0
end_of_record
TN:
SF:src/place/dtos/get_places.dto.ts
FNF:0
FNH:0
DA:1,0
DA:3,0
DA:5,0
DA:8,0
DA:11,0
LF:5
LH:0
BRF:0
BRH:0
end_of_record
TN:
SF:src/place/dtos/get_places.pipe.ts
FN:15,(anonymous_1)
FNF:1
FNH:0
FNDA:0,(anonymous_1)
DA:1,0
DA:9,0
DA:10,0
DA:11,0
DA:14,0
DA:16,0
DA:22,0
DA:24,0
DA:25,0
DA:34,0
LF:10
LH:0
BRDA:24,0,0,0
BRF:1
BRH:0
end_of_record
TN:
SF:src/repositories/auth.repository.ts
FN:9,(anonymous_1)
FN:13,(anonymous_2)
FNF:2
FNH:0
FNDA:0,(anonymous_1)
FNDA:0,(anonymous_2)
DA:2,2
DA:3,2
DA:4,2
DA:8,2
DA:10,0
DA:14,0
LF:6
LH:4
BRF:0
BRH:0
end_of_record
TN:
SF:src/repositories/category.repository.ts
FN:7,(anonymous_1)
FN:11,(anonymous_2)
FNF:2
FNH:0
FNDA:0,(anonymous_1)
FNDA:0,(anonymous_2)
DA:1,0
DA:2,0
DA:3,0
DA:6,0
DA:8,0
DA:12,0
LF:6
LH:0
BRF:0
BRH:0
end_of_record
TN:
SF:src/repositories/lesson.repository.ts
FN:14,(anonymous_1)
FN:24,(anonymous_2)
FN:36,(anonymous_3)
FN:63,(anonymous_4)
FN:72,(anonymous_5)
FN:98,(anonymous_6)
FN:103,(anonymous_7)
FN:111,(anonymous_8)
FN:119,(anonymous_9)
FN:127,(anonymous_10)
FNF:10
FNH:0
FNDA:0,(anonymous_1)
FNDA:0,(anonymous_2)
FNDA:0,(anonymous_3)
FNDA:0,(anonymous_4)
FNDA:0,(anonymous_5)
FNDA:0,(anonymous_6)
FNDA:0,(anonymous_7)
FNDA:0,(anonymous_8)
FNDA:0,(anonymous_9)
FNDA:0,(anonymous_10)
DA:1,0
DA:8,0
DA:9,0
DA:10,0
DA:13,0
DA:15,0
DA:17,0
DA:25,0
DA:27,0
DA:43,0
DA:45,0
DA:64,0
DA:79,0
DA:81,0
DA:99,0
DA:101,0
DA:103,0
DA:109,0
DA:111,0
DA:120,0
DA:128,0
LF:21
LH:0
BRDA:99,0,0,0
BRDA:99,0,1,0
BRF:2
BRH:0
end_of_record
TN:
SF:src/repositories/license.repository.ts
FN:12,(anonymous_1)
FN:21,(anonymous_2)
FN:36,(anonymous_3)
FN:40,(anonymous_4)
FN:49,(anonymous_5)
FN:53,(anonymous_6)
FNF:6
FNH:0
FNDA:0,(anonymous_1)
FNDA:0,(anonymous_2)
FNDA:0,(anonymous_3)
FNDA:0,(anonymous_4)
FNDA:0,(anonymous_5)
FNDA:0,(anonymous_6)
DA:2,0
DA:5,0
DA:6,0
DA:11,0
DA:13,0
DA:15,0
DA:26,0
DA:28,0
DA:37,0
DA:45,0
DA:46,0
DA:50,0
DA:54,0
LF:13
LH:0
BRF:0
BRH:0
end_of_record
TN:
SF:src/repositories/location.repository.ts
FN:8,(anonymous_1)
FN:25,(anonymous_2)
FNF:2
FNH:0
FNDA:0,(anonymous_1)
FNDA:0,(anonymous_2)
DA:1,2
DA:3,2
DA:4,2
DA:7,2
DA:9,0
DA:11,0
DA:26,0
LF:7
LH:4
BRF:0
BRH:0
end_of_record
TN:
SF:src/repositories/place.repository.ts
FN:9,(anonymous_1)
FN:20,(anonymous_2)
FN:30,(anonymous_3)
FNF:3
FNH:0
FNDA:0,(anonymous_1)
FNDA:0,(anonymous_2)
FNDA:0,(anonymous_3)
DA:2,0
DA:4,0
DA:5,0
DA:8,0
DA:10,0
DA:12,0
DA:21,0
DA:23,0
DA:31,0
LF:9
LH:0
BRF:0
BRH:0
end_of_record
TN:
SF:src/repositories/sub_category.repository.ts
FN:7,(anonymous_1)
FN:11,(anonymous_2)
FNF:2
FNH:0
FNDA:0,(anonymous_1)
FNDA:0,(anonymous_2)
DA:1,0
DA:2,0
DA:3,0
DA:6,0
DA:8,0
DA:12,0
LF:6
LH:0
BRF:0
BRH:0
end_of_record
TN:
SF:src/repositories/user.repository.ts
FN:7,(anonymous_1)
FNF:1
FNH:0
FNDA:0,(anonymous_1)
DA:1,0
DA:2,0
DA:3,0
DA:6,0
DA:8,0
LF:5
LH:0
BRF:0
BRH:0
end_of_record
TN:
SF:src/repositories/user_lesson.repository.ts
FN:9,(anonymous_1)
FN:13,(anonymous_2)
FN:22,(anonymous_3)
FNF:3
FNH:0
FNDA:0,(anonymous_1)
FNDA:0,(anonymous_2)
FNDA:0,(anonymous_3)
DA:3,0
DA:4,0
DA:5,0
DA:8,0
DA:10,0
DA:14,0
DA:23,0
LF:7
LH:0
BRF:0
BRH:0
end_of_record
TN:
SF:src/sub_category/sub_category.controller.ts
FN:8,(anonymous_4)
FN:13,(anonymous_5)
FN:20,(anonymous_6)
FNF:3
FNH:0
FNDA:0,(anonymous_4)
FNDA:0,(anonymous_5)
FNDA:0,(anonymous_6)
DA:1,0
DA:2,0
DA:3,0
DA:7,0
DA:8,0
DA:13,0
DA:14,0
DA:20,0
DA:21,0
LF:9
LH:0
BRF:0
BRH:0
end_of_record
TN:
SF:src/sub_category/sub_category.module.ts
FNF:0
FNH:0
DA:1,0
DA:2,0
DA:3,0
DA:9,0
LF:4
LH:0
BRF:0
BRH:0
end_of_record
TN:
SF:src/sub_category/sub_category.service.ts
FN:15,(anonymous_2)
FN:17,(anonymous_3)
FN:27,(anonymous_4)
FNF:3
FNH:0
FNDA:0,(anonymous_2)
FNDA:0,(anonymous_3)
FNDA:0,(anonymous_4)
DA:1,0
DA:2,0
DA:3,0
DA:12,0
DA:15,0
DA:18,0
DA:22,0
DA:24,0
DA:28,0
DA:32,0
DA:36,0
LF:11
LH:0
BRF:0
BRH:0
end_of_record
